[2024-08-25 17:43:50,205] {taskinstance.py:1159} INFO - Dependencies all met for <TaskInstance: dados_climaticos.cria_pasta scheduled__2024-07-15T00:00:00+00:00 [queued]>
[2024-08-25 17:43:50,209] {taskinstance.py:1159} INFO - Dependencies all met for <TaskInstance: dados_climaticos.cria_pasta scheduled__2024-07-15T00:00:00+00:00 [queued]>
[2024-08-25 17:43:50,209] {taskinstance.py:1356} INFO - 
--------------------------------------------------------------------------------
[2024-08-25 17:43:50,209] {taskinstance.py:1357} INFO - Starting attempt 1 of 1
[2024-08-25 17:43:50,209] {taskinstance.py:1358} INFO - 
--------------------------------------------------------------------------------
[2024-08-25 17:43:50,223] {taskinstance.py:1377} INFO - Executing <Task(BashOperator): cria_pasta> on 2024-07-15 00:00:00+00:00
[2024-08-25 17:43:50,225] {standard_task_runner.py:52} INFO - Started process 162911 to run task
[2024-08-25 17:43:50,227] {standard_task_runner.py:79} INFO - Running: ['airflow', 'tasks', 'run', 'dados_climaticos', 'cria_pasta', 'scheduled__2024-07-15T00:00:00+00:00', '--job-id', '26', '--raw', '--subdir', 'DAGS_FOLDER/dados_climaticos.py', '--cfg-path', '/tmp/tmps1l93yx8', '--error-file', '/tmp/tmpqm_tlb37']
[2024-08-25 17:43:50,227] {standard_task_runner.py:80} INFO - Job 26: Subtask cria_pasta
[2024-08-25 17:43:50,261] {task_command.py:370} INFO - Running <TaskInstance: dados_climaticos.cria_pasta scheduled__2024-07-15T00:00:00+00:00 [running]> on host adrilucy.
[2024-08-25 17:43:50,304] {taskinstance.py:1569} INFO - Exporting the following env vars:
AIRFLOW_CTX_DAG_OWNER=airflow
AIRFLOW_CTX_DAG_ID=dados_climaticos
AIRFLOW_CTX_TASK_ID=cria_pasta
AIRFLOW_CTX_EXECUTION_DATE=2024-07-15T00:00:00+00:00
AIRFLOW_CTX_TRY_NUMBER=1
AIRFLOW_CTX_DAG_RUN_ID=scheduled__2024-07-15T00:00:00+00:00
[2024-08-25 17:43:50,305] {subprocess.py:62} INFO - Tmp dir root location: 
 /tmp
[2024-08-25 17:43:50,305] {subprocess.py:74} INFO - Running command: ['bash', '-c', 'mkdir -p "/home/adrilucy/Documentos/airflow-alura/semana=2024-07-22"']
[2024-08-25 17:43:50,309] {subprocess.py:85} INFO - Output:
[2024-08-25 17:43:50,310] {subprocess.py:96} INFO - Command exited with return code 0
[2024-08-25 17:43:50,327] {taskinstance.py:1395} INFO - Marking task as SUCCESS. dag_id=dados_climaticos, task_id=cria_pasta, execution_date=20240715T000000, start_date=20240825T204350, end_date=20240825T204350
[2024-08-25 17:43:50,360] {local_task_job.py:156} INFO - Task exited with return code 0
[2024-08-25 17:43:50,384] {local_task_job.py:273} INFO - 1 downstream tasks scheduled from follow-on schedule check
