[2024-08-25 17:33:49,796] {taskinstance.py:1159} INFO - Dependencies all met for <TaskInstance: dados_climaticos.cria_pasta scheduled__2022-09-19T00:00:00+00:00 [queued]>
[2024-08-25 17:33:49,805] {taskinstance.py:1159} INFO - Dependencies all met for <TaskInstance: dados_climaticos.cria_pasta scheduled__2022-09-19T00:00:00+00:00 [queued]>
[2024-08-25 17:33:49,806] {taskinstance.py:1356} INFO - 
--------------------------------------------------------------------------------
[2024-08-25 17:33:49,806] {taskinstance.py:1357} INFO - Starting attempt 1 of 1
[2024-08-25 17:33:49,806] {taskinstance.py:1358} INFO - 
--------------------------------------------------------------------------------
[2024-08-25 17:33:49,827] {taskinstance.py:1377} INFO - Executing <Task(BashOperator): cria_pasta> on 2022-09-19 00:00:00+00:00
[2024-08-25 17:33:49,830] {standard_task_runner.py:52} INFO - Started process 157424 to run task
[2024-08-25 17:33:49,833] {standard_task_runner.py:79} INFO - Running: ['airflow', 'tasks', 'run', 'dados_climaticos', 'cria_pasta', 'scheduled__2022-09-19T00:00:00+00:00', '--job-id', '26', '--raw', '--subdir', 'DAGS_FOLDER/dados_climaticos.py', '--cfg-path', '/tmp/tmphvyzdoaq', '--error-file', '/tmp/tmpyytivhu3']
[2024-08-25 17:33:49,834] {standard_task_runner.py:80} INFO - Job 26: Subtask cria_pasta
[2024-08-25 17:33:49,872] {task_command.py:370} INFO - Running <TaskInstance: dados_climaticos.cria_pasta scheduled__2022-09-19T00:00:00+00:00 [running]> on host adrilucy.
[2024-08-25 17:33:49,943] {taskinstance.py:1569} INFO - Exporting the following env vars:
AIRFLOW_CTX_DAG_OWNER=airflow
AIRFLOW_CTX_DAG_ID=dados_climaticos
AIRFLOW_CTX_TASK_ID=cria_pasta
AIRFLOW_CTX_EXECUTION_DATE=2022-09-19T00:00:00+00:00
AIRFLOW_CTX_TRY_NUMBER=1
AIRFLOW_CTX_DAG_RUN_ID=scheduled__2022-09-19T00:00:00+00:00
[2024-08-25 17:33:49,944] {subprocess.py:62} INFO - Tmp dir root location: 
 /tmp
[2024-08-25 17:33:49,945] {subprocess.py:74} INFO - Running command: ['bash', '-c', 'mkdir -p "/home/adrilucy/Documentos/airflow-alura/semana=2022-09-26"']
[2024-08-25 17:33:49,951] {subprocess.py:85} INFO - Output:
[2024-08-25 17:33:49,953] {subprocess.py:96} INFO - Command exited with return code 0
[2024-08-25 17:33:49,980] {taskinstance.py:1395} INFO - Marking task as SUCCESS. dag_id=dados_climaticos, task_id=cria_pasta, execution_date=20220919T000000, start_date=20240825T203349, end_date=20240825T203349
[2024-08-25 17:33:50,007] {local_task_job.py:156} INFO - Task exited with return code 0
[2024-08-25 17:33:50,038] {local_task_job.py:273} INFO - 1 downstream tasks scheduled from follow-on schedule check
[2024-08-25 17:41:39,866] {taskinstance.py:1159} INFO - Dependencies all met for <TaskInstance: dados_climaticos.cria_pasta scheduled__2022-09-19T00:00:00+00:00 [queued]>
[2024-08-25 17:41:39,870] {taskinstance.py:1159} INFO - Dependencies all met for <TaskInstance: dados_climaticos.cria_pasta scheduled__2022-09-19T00:00:00+00:00 [queued]>
[2024-08-25 17:41:39,870] {taskinstance.py:1356} INFO - 
--------------------------------------------------------------------------------
[2024-08-25 17:41:39,870] {taskinstance.py:1357} INFO - Starting attempt 1 of 1
[2024-08-25 17:41:39,870] {taskinstance.py:1358} INFO - 
--------------------------------------------------------------------------------
[2024-08-25 17:41:39,885] {taskinstance.py:1377} INFO - Executing <Task(BashOperator): cria_pasta> on 2022-09-19 00:00:00+00:00
[2024-08-25 17:41:39,888] {standard_task_runner.py:52} INFO - Started process 161543 to run task
[2024-08-25 17:41:39,892] {standard_task_runner.py:79} INFO - Running: ['airflow', 'tasks', 'run', 'dados_climaticos', 'cria_pasta', 'scheduled__2022-09-19T00:00:00+00:00', '--job-id', '29', '--raw', '--subdir', 'DAGS_FOLDER/dados_climaticos.py', '--cfg-path', '/tmp/tmpp0rg6hnv', '--error-file', '/tmp/tmpg67be6jd']
[2024-08-25 17:41:39,892] {standard_task_runner.py:80} INFO - Job 29: Subtask cria_pasta
[2024-08-25 17:41:39,928] {task_command.py:370} INFO - Running <TaskInstance: dados_climaticos.cria_pasta scheduled__2022-09-19T00:00:00+00:00 [running]> on host adrilucy.
[2024-08-25 17:41:39,975] {taskinstance.py:1569} INFO - Exporting the following env vars:
AIRFLOW_CTX_DAG_OWNER=airflow
AIRFLOW_CTX_DAG_ID=dados_climaticos
AIRFLOW_CTX_TASK_ID=cria_pasta
AIRFLOW_CTX_EXECUTION_DATE=2022-09-19T00:00:00+00:00
AIRFLOW_CTX_TRY_NUMBER=1
AIRFLOW_CTX_DAG_RUN_ID=scheduled__2022-09-19T00:00:00+00:00
[2024-08-25 17:41:39,976] {subprocess.py:62} INFO - Tmp dir root location: 
 /tmp
[2024-08-25 17:41:39,976] {subprocess.py:74} INFO - Running command: ['bash', '-c', 'mkdir -p "/home/adrilucy/Documentos/airflow-alura/semana=2022-09-26"']
[2024-08-25 17:41:39,980] {subprocess.py:85} INFO - Output:
[2024-08-25 17:41:39,982] {subprocess.py:96} INFO - Command exited with return code 0
[2024-08-25 17:41:39,999] {taskinstance.py:1395} INFO - Marking task as SUCCESS. dag_id=dados_climaticos, task_id=cria_pasta, execution_date=20220919T000000, start_date=20240825T204139, end_date=20240825T204139
[2024-08-25 17:41:40,025] {local_task_job.py:156} INFO - Task exited with return code 0
[2024-08-25 17:41:40,047] {local_task_job.py:273} INFO - 1 downstream tasks scheduled from follow-on schedule check
