[2024-08-25 17:42:19,857] {taskinstance.py:1159} INFO - Dependencies all met for <TaskInstance: dados_climaticos.cria_pasta scheduled__2022-11-28T00:00:00+00:00 [queued]>
[2024-08-25 17:42:19,861] {taskinstance.py:1159} INFO - Dependencies all met for <TaskInstance: dados_climaticos.cria_pasta scheduled__2022-11-28T00:00:00+00:00 [queued]>
[2024-08-25 17:42:19,861] {taskinstance.py:1356} INFO - 
--------------------------------------------------------------------------------
[2024-08-25 17:42:19,861] {taskinstance.py:1357} INFO - Starting attempt 1 of 1
[2024-08-25 17:42:19,861] {taskinstance.py:1358} INFO - 
--------------------------------------------------------------------------------
[2024-08-25 17:42:19,873] {taskinstance.py:1377} INFO - Executing <Task(BashOperator): cria_pasta> on 2022-11-28 00:00:00+00:00
[2024-08-25 17:42:19,876] {standard_task_runner.py:52} INFO - Started process 162013 to run task
[2024-08-25 17:42:19,878] {standard_task_runner.py:79} INFO - Running: ['airflow', 'tasks', 'run', 'dados_climaticos', 'cria_pasta', 'scheduled__2022-11-28T00:00:00+00:00', '--job-id', '48', '--raw', '--subdir', 'DAGS_FOLDER/dados_climaticos.py', '--cfg-path', '/tmp/tmpbsy6eyjr', '--error-file', '/tmp/tmpjfcn6xii']
[2024-08-25 17:42:19,878] {standard_task_runner.py:80} INFO - Job 48: Subtask cria_pasta
[2024-08-25 17:42:19,914] {task_command.py:370} INFO - Running <TaskInstance: dados_climaticos.cria_pasta scheduled__2022-11-28T00:00:00+00:00 [running]> on host adrilucy.
[2024-08-25 17:42:19,959] {taskinstance.py:1569} INFO - Exporting the following env vars:
AIRFLOW_CTX_DAG_OWNER=airflow
AIRFLOW_CTX_DAG_ID=dados_climaticos
AIRFLOW_CTX_TASK_ID=cria_pasta
AIRFLOW_CTX_EXECUTION_DATE=2022-11-28T00:00:00+00:00
AIRFLOW_CTX_TRY_NUMBER=1
AIRFLOW_CTX_DAG_RUN_ID=scheduled__2022-11-28T00:00:00+00:00
[2024-08-25 17:42:19,960] {subprocess.py:62} INFO - Tmp dir root location: 
 /tmp
[2024-08-25 17:42:19,961] {subprocess.py:74} INFO - Running command: ['bash', '-c', 'mkdir -p "/home/adrilucy/Documentos/airflow-alura/semana=2022-12-05"']
[2024-08-25 17:42:19,965] {subprocess.py:85} INFO - Output:
[2024-08-25 17:42:19,966] {subprocess.py:96} INFO - Command exited with return code 0
[2024-08-25 17:42:19,984] {taskinstance.py:1395} INFO - Marking task as SUCCESS. dag_id=dados_climaticos, task_id=cria_pasta, execution_date=20221128T000000, start_date=20240825T204219, end_date=20240825T204219
[2024-08-25 17:42:20,011] {local_task_job.py:156} INFO - Task exited with return code 0
[2024-08-25 17:42:20,035] {local_task_job.py:273} INFO - 1 downstream tasks scheduled from follow-on schedule check
