[2024-08-25 17:44:03,487] {taskinstance.py:1159} INFO - Dependencies all met for <TaskInstance: dados_climaticos.cria_pasta scheduled__2024-08-05T00:00:00+00:00 [queued]>
[2024-08-25 17:44:03,490] {taskinstance.py:1159} INFO - Dependencies all met for <TaskInstance: dados_climaticos.cria_pasta scheduled__2024-08-05T00:00:00+00:00 [queued]>
[2024-08-25 17:44:03,490] {taskinstance.py:1356} INFO - 
--------------------------------------------------------------------------------
[2024-08-25 17:44:03,490] {taskinstance.py:1357} INFO - Starting attempt 1 of 1
[2024-08-25 17:44:03,490] {taskinstance.py:1358} INFO - 
--------------------------------------------------------------------------------
[2024-08-25 17:44:03,503] {taskinstance.py:1377} INFO - Executing <Task(BashOperator): cria_pasta> on 2024-08-05 00:00:00+00:00
[2024-08-25 17:44:03,505] {standard_task_runner.py:52} INFO - Started process 163069 to run task
[2024-08-25 17:44:03,507] {standard_task_runner.py:79} INFO - Running: ['airflow', 'tasks', 'run', 'dados_climaticos', 'cria_pasta', 'scheduled__2024-08-05T00:00:00+00:00', '--job-id', '32', '--raw', '--subdir', 'DAGS_FOLDER/dados_climaticos.py', '--cfg-path', '/tmp/tmp8xyqbfz7', '--error-file', '/tmp/tmp5yewfo3j']
[2024-08-25 17:44:03,508] {standard_task_runner.py:80} INFO - Job 32: Subtask cria_pasta
[2024-08-25 17:44:03,552] {task_command.py:370} INFO - Running <TaskInstance: dados_climaticos.cria_pasta scheduled__2024-08-05T00:00:00+00:00 [running]> on host adrilucy.
[2024-08-25 17:44:03,611] {taskinstance.py:1569} INFO - Exporting the following env vars:
AIRFLOW_CTX_DAG_OWNER=airflow
AIRFLOW_CTX_DAG_ID=dados_climaticos
AIRFLOW_CTX_TASK_ID=cria_pasta
AIRFLOW_CTX_EXECUTION_DATE=2024-08-05T00:00:00+00:00
AIRFLOW_CTX_TRY_NUMBER=1
AIRFLOW_CTX_DAG_RUN_ID=scheduled__2024-08-05T00:00:00+00:00
[2024-08-25 17:44:03,612] {subprocess.py:62} INFO - Tmp dir root location: 
 /tmp
[2024-08-25 17:44:03,612] {subprocess.py:74} INFO - Running command: ['bash', '-c', 'mkdir -p "/home/adrilucy/Documentos/airflow-alura/semana=2024-08-12"']
[2024-08-25 17:44:03,618] {subprocess.py:85} INFO - Output:
[2024-08-25 17:44:03,621] {subprocess.py:96} INFO - Command exited with return code 0
[2024-08-25 17:44:03,640] {taskinstance.py:1395} INFO - Marking task as SUCCESS. dag_id=dados_climaticos, task_id=cria_pasta, execution_date=20240805T000000, start_date=20240825T204403, end_date=20240825T204403
[2024-08-25 17:44:03,681] {local_task_job.py:156} INFO - Task exited with return code 0
[2024-08-25 17:44:03,704] {local_task_job.py:273} INFO - 1 downstream tasks scheduled from follow-on schedule check
