[2024-08-25 17:42:34,949] {taskinstance.py:1159} INFO - Dependencies all met for <TaskInstance: dados_climaticos.extrai_dados scheduled__2022-12-12T00:00:00+00:00 [queued]>
[2024-08-25 17:42:34,956] {taskinstance.py:1159} INFO - Dependencies all met for <TaskInstance: dados_climaticos.extrai_dados scheduled__2022-12-12T00:00:00+00:00 [queued]>
[2024-08-25 17:42:34,957] {taskinstance.py:1356} INFO - 
--------------------------------------------------------------------------------
[2024-08-25 17:42:34,957] {taskinstance.py:1357} INFO - Starting attempt 1 of 1
[2024-08-25 17:42:34,957] {taskinstance.py:1358} INFO - 
--------------------------------------------------------------------------------
[2024-08-25 17:42:34,969] {taskinstance.py:1377} INFO - Executing <Task(PythonOperator): extrai_dados> on 2022-12-12 00:00:00+00:00
[2024-08-25 17:42:34,974] {standard_task_runner.py:52} INFO - Started process 162194 to run task
[2024-08-25 17:42:34,976] {standard_task_runner.py:79} INFO - Running: ['airflow', 'tasks', 'run', 'dados_climaticos', 'extrai_dados', 'scheduled__2022-12-12T00:00:00+00:00', '--job-id', '55', '--raw', '--subdir', 'DAGS_FOLDER/dados_climaticos.py', '--cfg-path', '/tmp/tmpnvbsvio5', '--error-file', '/tmp/tmp5a16gmta']
[2024-08-25 17:42:34,977] {standard_task_runner.py:80} INFO - Job 55: Subtask extrai_dados
[2024-08-25 17:42:35,011] {task_command.py:370} INFO - Running <TaskInstance: dados_climaticos.extrai_dados scheduled__2022-12-12T00:00:00+00:00 [running]> on host adrilucy.
[2024-08-25 17:42:35,059] {taskinstance.py:1569} INFO - Exporting the following env vars:
AIRFLOW_CTX_DAG_OWNER=airflow
AIRFLOW_CTX_DAG_ID=dados_climaticos
AIRFLOW_CTX_TASK_ID=extrai_dados
AIRFLOW_CTX_EXECUTION_DATE=2022-12-12T00:00:00+00:00
AIRFLOW_CTX_TRY_NUMBER=1
AIRFLOW_CTX_DAG_RUN_ID=scheduled__2022-12-12T00:00:00+00:00
[2024-08-25 17:42:35,930] {python.py:173} INFO - Done. Returned value was: None
[2024-08-25 17:42:35,946] {taskinstance.py:1395} INFO - Marking task as SUCCESS. dag_id=dados_climaticos, task_id=extrai_dados, execution_date=20221212T000000, start_date=20240825T204234, end_date=20240825T204235
[2024-08-25 17:42:35,997] {local_task_job.py:156} INFO - Task exited with return code 0
[2024-08-25 17:42:36,025] {local_task_job.py:273} INFO - 0 downstream tasks scheduled from follow-on schedule check
