[2024-08-25 17:44:01,295] {taskinstance.py:1159} INFO - Dependencies all met for <TaskInstance: dados_climaticos.extrai_dados scheduled__2024-07-22T00:00:00+00:00 [queued]>
[2024-08-25 17:44:01,303] {taskinstance.py:1159} INFO - Dependencies all met for <TaskInstance: dados_climaticos.extrai_dados scheduled__2024-07-22T00:00:00+00:00 [queued]>
[2024-08-25 17:44:01,304] {taskinstance.py:1356} INFO - 
--------------------------------------------------------------------------------
[2024-08-25 17:44:01,304] {taskinstance.py:1357} INFO - Starting attempt 1 of 1
[2024-08-25 17:44:01,304] {taskinstance.py:1358} INFO - 
--------------------------------------------------------------------------------
[2024-08-25 17:44:01,320] {taskinstance.py:1377} INFO - Executing <Task(PythonOperator): extrai_dados> on 2024-07-22 00:00:00+00:00
[2024-08-25 17:44:01,324] {standard_task_runner.py:52} INFO - Started process 163044 to run task
[2024-08-25 17:44:01,326] {standard_task_runner.py:79} INFO - Running: ['airflow', 'tasks', 'run', 'dados_climaticos', 'extrai_dados', 'scheduled__2024-07-22T00:00:00+00:00', '--job-id', '31', '--raw', '--subdir', 'DAGS_FOLDER/dados_climaticos.py', '--cfg-path', '/tmp/tmpma5v8g8f', '--error-file', '/tmp/tmp7zbvudx5']
[2024-08-25 17:44:01,326] {standard_task_runner.py:80} INFO - Job 31: Subtask extrai_dados
[2024-08-25 17:44:01,360] {task_command.py:370} INFO - Running <TaskInstance: dados_climaticos.extrai_dados scheduled__2024-07-22T00:00:00+00:00 [running]> on host adrilucy.
[2024-08-25 17:44:01,405] {taskinstance.py:1569} INFO - Exporting the following env vars:
AIRFLOW_CTX_DAG_OWNER=airflow
AIRFLOW_CTX_DAG_ID=dados_climaticos
AIRFLOW_CTX_TASK_ID=extrai_dados
AIRFLOW_CTX_EXECUTION_DATE=2024-07-22T00:00:00+00:00
AIRFLOW_CTX_TRY_NUMBER=1
AIRFLOW_CTX_DAG_RUN_ID=scheduled__2024-07-22T00:00:00+00:00
[2024-08-25 17:44:02,031] {python.py:173} INFO - Done. Returned value was: None
[2024-08-25 17:44:02,038] {taskinstance.py:1395} INFO - Marking task as SUCCESS. dag_id=dados_climaticos, task_id=extrai_dados, execution_date=20240722T000000, start_date=20240825T204401, end_date=20240825T204402
[2024-08-25 17:44:02,064] {local_task_job.py:156} INFO - Task exited with return code 0
[2024-08-25 17:44:02,081] {local_task_job.py:273} INFO - 0 downstream tasks scheduled from follow-on schedule check
