[2024-08-25 12:00:02,048] {taskinstance.py:1159} INFO - Dependencies all met for <TaskInstance: example_branch_datetime_operator_2.datetime_branch scheduled__2024-08-24T00:00:00+00:00 [queued]>
[2024-08-25 12:00:02,052] {taskinstance.py:1159} INFO - Dependencies all met for <TaskInstance: example_branch_datetime_operator_2.datetime_branch scheduled__2024-08-24T00:00:00+00:00 [queued]>
[2024-08-25 12:00:02,052] {taskinstance.py:1356} INFO - 
--------------------------------------------------------------------------------
[2024-08-25 12:00:02,052] {taskinstance.py:1357} INFO - Starting attempt 1 of 1
[2024-08-25 12:00:02,052] {taskinstance.py:1358} INFO - 
--------------------------------------------------------------------------------
[2024-08-25 12:00:02,064] {taskinstance.py:1377} INFO - Executing <Task(BranchDateTimeOperator): datetime_branch> on 2024-08-24 00:00:00+00:00
[2024-08-25 12:00:02,066] {standard_task_runner.py:52} INFO - Started process 17220 to run task
[2024-08-25 12:00:02,069] {standard_task_runner.py:79} INFO - Running: ['airflow', 'tasks', 'run', 'example_branch_datetime_operator_2', 'datetime_branch', 'scheduled__2024-08-24T00:00:00+00:00', '--job-id', '3', '--raw', '--subdir', '/home/adrilucy/Documentos/airflow-alura/venv/lib/python3.9/site-packages/airflow/example_dags/example_branch_datetime_operator.py', '--cfg-path', '/tmp/tmpyjofng47', '--error-file', '/tmp/tmpg879vqu5']
[2024-08-25 12:00:02,069] {standard_task_runner.py:80} INFO - Job 3: Subtask datetime_branch
[2024-08-25 12:00:02,098] {task_command.py:370} INFO - Running <TaskInstance: example_branch_datetime_operator_2.datetime_branch scheduled__2024-08-24T00:00:00+00:00 [running]> on host adrilucy.
[2024-08-25 12:00:02,135] {taskinstance.py:1569} INFO - Exporting the following env vars:
AIRFLOW_CTX_DAG_OWNER=airflow
AIRFLOW_CTX_DAG_ID=example_branch_datetime_operator_2
AIRFLOW_CTX_TASK_ID=datetime_branch
AIRFLOW_CTX_EXECUTION_DATE=2024-08-24T00:00:00+00:00
AIRFLOW_CTX_TRY_NUMBER=1
AIRFLOW_CTX_DAG_RUN_ID=scheduled__2024-08-24T00:00:00+00:00
[2024-08-25 12:00:02,135] {skipmixin.py:140} INFO - Following branch ['date_in_range']
[2024-08-25 12:00:02,136] {skipmixin.py:175} INFO - Skipping tasks ['date_outside_range']
[2024-08-25 12:00:02,164] {taskinstance.py:1395} INFO - Marking task as SUCCESS. dag_id=example_branch_datetime_operator_2, task_id=datetime_branch, execution_date=20240824T000000, start_date=20240825T150002, end_date=20240825T150002
[2024-08-25 12:00:02,203] {local_task_job.py:156} INFO - Task exited with return code 0
[2024-08-25 12:00:02,229] {local_task_job.py:273} INFO - 1 downstream tasks scheduled from follow-on schedule check
