[2024-08-25 17:42:18,255] {taskinstance.py:1159} INFO - Dependencies all met for <TaskInstance: dados_climaticos.cria_pasta scheduled__2022-11-21T00:00:00+00:00 [queued]>
[2024-08-25 17:42:18,259] {taskinstance.py:1159} INFO - Dependencies all met for <TaskInstance: dados_climaticos.cria_pasta scheduled__2022-11-21T00:00:00+00:00 [queued]>
[2024-08-25 17:42:18,259] {taskinstance.py:1356} INFO - 
--------------------------------------------------------------------------------
[2024-08-25 17:42:18,259] {taskinstance.py:1357} INFO - Starting attempt 1 of 1
[2024-08-25 17:42:18,259] {taskinstance.py:1358} INFO - 
--------------------------------------------------------------------------------
[2024-08-25 17:42:18,270] {taskinstance.py:1377} INFO - Executing <Task(BashOperator): cria_pasta> on 2022-11-21 00:00:00+00:00
[2024-08-25 17:42:18,273] {standard_task_runner.py:52} INFO - Started process 161996 to run task
[2024-08-25 17:42:18,276] {standard_task_runner.py:79} INFO - Running: ['airflow', 'tasks', 'run', 'dados_climaticos', 'cria_pasta', 'scheduled__2022-11-21T00:00:00+00:00', '--job-id', '47', '--raw', '--subdir', 'DAGS_FOLDER/dados_climaticos.py', '--cfg-path', '/tmp/tmpzdggm739', '--error-file', '/tmp/tmpxrmjbz86']
[2024-08-25 17:42:18,276] {standard_task_runner.py:80} INFO - Job 47: Subtask cria_pasta
[2024-08-25 17:42:18,315] {task_command.py:370} INFO - Running <TaskInstance: dados_climaticos.cria_pasta scheduled__2022-11-21T00:00:00+00:00 [running]> on host adrilucy.
[2024-08-25 17:42:18,357] {taskinstance.py:1569} INFO - Exporting the following env vars:
AIRFLOW_CTX_DAG_OWNER=airflow
AIRFLOW_CTX_DAG_ID=dados_climaticos
AIRFLOW_CTX_TASK_ID=cria_pasta
AIRFLOW_CTX_EXECUTION_DATE=2022-11-21T00:00:00+00:00
AIRFLOW_CTX_TRY_NUMBER=1
AIRFLOW_CTX_DAG_RUN_ID=scheduled__2022-11-21T00:00:00+00:00
[2024-08-25 17:42:18,358] {subprocess.py:62} INFO - Tmp dir root location: 
 /tmp
[2024-08-25 17:42:18,358] {subprocess.py:74} INFO - Running command: ['bash', '-c', 'mkdir -p "/home/adrilucy/Documentos/airflow-alura/semana=2022-11-28"']
[2024-08-25 17:42:18,363] {subprocess.py:85} INFO - Output:
[2024-08-25 17:42:18,365] {subprocess.py:96} INFO - Command exited with return code 0
[2024-08-25 17:42:18,385] {taskinstance.py:1395} INFO - Marking task as SUCCESS. dag_id=dados_climaticos, task_id=cria_pasta, execution_date=20221121T000000, start_date=20240825T204218, end_date=20240825T204218
[2024-08-25 17:42:18,408] {local_task_job.py:156} INFO - Task exited with return code 0
[2024-08-25 17:42:18,435] {local_task_job.py:273} INFO - 1 downstream tasks scheduled from follow-on schedule check
