[2024-08-25 17:33:42,024] {taskinstance.py:1159} INFO - Dependencies all met for <TaskInstance: dados_climaticos.cria_pasta scheduled__2022-09-05T00:00:00+00:00 [queued]>
[2024-08-25 17:33:42,027] {taskinstance.py:1159} INFO - Dependencies all met for <TaskInstance: dados_climaticos.cria_pasta scheduled__2022-09-05T00:00:00+00:00 [queued]>
[2024-08-25 17:33:42,027] {taskinstance.py:1356} INFO - 
--------------------------------------------------------------------------------
[2024-08-25 17:33:42,027] {taskinstance.py:1357} INFO - Starting attempt 1 of 1
[2024-08-25 17:33:42,027] {taskinstance.py:1358} INFO - 
--------------------------------------------------------------------------------
[2024-08-25 17:33:42,050] {taskinstance.py:1377} INFO - Executing <Task(BashOperator): cria_pasta> on 2022-09-05 00:00:00+00:00
[2024-08-25 17:33:42,053] {standard_task_runner.py:52} INFO - Started process 157325 to run task
[2024-08-25 17:33:42,054] {standard_task_runner.py:79} INFO - Running: ['airflow', 'tasks', 'run', 'dados_climaticos', 'cria_pasta', 'scheduled__2022-09-05T00:00:00+00:00', '--job-id', '22', '--raw', '--subdir', 'DAGS_FOLDER/dados_climaticos.py', '--cfg-path', '/tmp/tmpdc9n8hw4', '--error-file', '/tmp/tmpeqrowb3q']
[2024-08-25 17:33:42,055] {standard_task_runner.py:80} INFO - Job 22: Subtask cria_pasta
[2024-08-25 17:33:42,098] {task_command.py:370} INFO - Running <TaskInstance: dados_climaticos.cria_pasta scheduled__2022-09-05T00:00:00+00:00 [running]> on host adrilucy.
[2024-08-25 17:33:42,157] {taskinstance.py:1569} INFO - Exporting the following env vars:
AIRFLOW_CTX_DAG_OWNER=airflow
AIRFLOW_CTX_DAG_ID=dados_climaticos
AIRFLOW_CTX_TASK_ID=cria_pasta
AIRFLOW_CTX_EXECUTION_DATE=2022-09-05T00:00:00+00:00
AIRFLOW_CTX_TRY_NUMBER=1
AIRFLOW_CTX_DAG_RUN_ID=scheduled__2022-09-05T00:00:00+00:00
[2024-08-25 17:33:42,158] {subprocess.py:62} INFO - Tmp dir root location: 
 /tmp
[2024-08-25 17:33:42,158] {subprocess.py:74} INFO - Running command: ['bash', '-c', 'mkdir -p "/home/adrilucy/Documentos/airflow-alura/semana=2022-09-12"']
[2024-08-25 17:33:42,166] {subprocess.py:85} INFO - Output:
[2024-08-25 17:33:42,167] {subprocess.py:96} INFO - Command exited with return code 0
[2024-08-25 17:33:42,193] {taskinstance.py:1395} INFO - Marking task as SUCCESS. dag_id=dados_climaticos, task_id=cria_pasta, execution_date=20220905T000000, start_date=20240825T203342, end_date=20240825T203342
[2024-08-25 17:33:42,229] {local_task_job.py:156} INFO - Task exited with return code 0
[2024-08-25 17:33:42,258] {local_task_job.py:273} INFO - 1 downstream tasks scheduled from follow-on schedule check
[2024-08-25 17:41:28,479] {taskinstance.py:1159} INFO - Dependencies all met for <TaskInstance: dados_climaticos.cria_pasta scheduled__2022-09-05T00:00:00+00:00 [queued]>
[2024-08-25 17:41:28,483] {taskinstance.py:1159} INFO - Dependencies all met for <TaskInstance: dados_climaticos.cria_pasta scheduled__2022-09-05T00:00:00+00:00 [queued]>
[2024-08-25 17:41:28,483] {taskinstance.py:1356} INFO - 
--------------------------------------------------------------------------------
[2024-08-25 17:41:28,483] {taskinstance.py:1357} INFO - Starting attempt 1 of 1
[2024-08-25 17:41:28,483] {taskinstance.py:1358} INFO - 
--------------------------------------------------------------------------------
[2024-08-25 17:41:28,497] {taskinstance.py:1377} INFO - Executing <Task(BashOperator): cria_pasta> on 2022-09-05 00:00:00+00:00
[2024-08-25 17:41:28,499] {standard_task_runner.py:52} INFO - Started process 161409 to run task
[2024-08-25 17:41:28,500] {standard_task_runner.py:79} INFO - Running: ['airflow', 'tasks', 'run', 'dados_climaticos', 'cria_pasta', 'scheduled__2022-09-05T00:00:00+00:00', '--job-id', '24', '--raw', '--subdir', 'DAGS_FOLDER/dados_climaticos.py', '--cfg-path', '/tmp/tmp1sf0gn3u', '--error-file', '/tmp/tmp557fhqol']
[2024-08-25 17:41:28,501] {standard_task_runner.py:80} INFO - Job 24: Subtask cria_pasta
[2024-08-25 17:41:28,538] {task_command.py:370} INFO - Running <TaskInstance: dados_climaticos.cria_pasta scheduled__2022-09-05T00:00:00+00:00 [running]> on host adrilucy.
[2024-08-25 17:41:28,581] {taskinstance.py:1569} INFO - Exporting the following env vars:
AIRFLOW_CTX_DAG_OWNER=airflow
AIRFLOW_CTX_DAG_ID=dados_climaticos
AIRFLOW_CTX_TASK_ID=cria_pasta
AIRFLOW_CTX_EXECUTION_DATE=2022-09-05T00:00:00+00:00
AIRFLOW_CTX_TRY_NUMBER=1
AIRFLOW_CTX_DAG_RUN_ID=scheduled__2022-09-05T00:00:00+00:00
[2024-08-25 17:41:28,582] {subprocess.py:62} INFO - Tmp dir root location: 
 /tmp
[2024-08-25 17:41:28,583] {subprocess.py:74} INFO - Running command: ['bash', '-c', 'mkdir -p "/home/adrilucy/Documentos/airflow-alura/semana=2022-09-12"']
[2024-08-25 17:41:28,587] {subprocess.py:85} INFO - Output:
[2024-08-25 17:41:28,588] {subprocess.py:96} INFO - Command exited with return code 0
[2024-08-25 17:41:28,613] {taskinstance.py:1395} INFO - Marking task as SUCCESS. dag_id=dados_climaticos, task_id=cria_pasta, execution_date=20220905T000000, start_date=20240825T204128, end_date=20240825T204128
[2024-08-25 17:41:28,634] {local_task_job.py:156} INFO - Task exited with return code 0
[2024-08-25 17:41:28,656] {local_task_job.py:273} INFO - 1 downstream tasks scheduled from follow-on schedule check
