[2024-08-25 17:44:10,674] {taskinstance.py:1159} INFO - Dependencies all met for <TaskInstance: dados_climaticos.cria_pasta scheduled__2024-08-12T00:00:00+00:00 [queued]>
[2024-08-25 17:44:10,678] {taskinstance.py:1159} INFO - Dependencies all met for <TaskInstance: dados_climaticos.cria_pasta scheduled__2024-08-12T00:00:00+00:00 [queued]>
[2024-08-25 17:44:10,678] {taskinstance.py:1356} INFO - 
--------------------------------------------------------------------------------
[2024-08-25 17:44:10,678] {taskinstance.py:1357} INFO - Starting attempt 1 of 1
[2024-08-25 17:44:10,678] {taskinstance.py:1358} INFO - 
--------------------------------------------------------------------------------
[2024-08-25 17:44:10,690] {taskinstance.py:1377} INFO - Executing <Task(BashOperator): cria_pasta> on 2024-08-12 00:00:00+00:00
[2024-08-25 17:44:10,692] {standard_task_runner.py:52} INFO - Started process 163146 to run task
[2024-08-25 17:44:10,694] {standard_task_runner.py:79} INFO - Running: ['airflow', 'tasks', 'run', 'dados_climaticos', 'cria_pasta', 'scheduled__2024-08-12T00:00:00+00:00', '--job-id', '35', '--raw', '--subdir', 'DAGS_FOLDER/dados_climaticos.py', '--cfg-path', '/tmp/tmpz0p91jn4', '--error-file', '/tmp/tmpnd00j4v6']
[2024-08-25 17:44:10,695] {standard_task_runner.py:80} INFO - Job 35: Subtask cria_pasta
[2024-08-25 17:44:10,726] {task_command.py:370} INFO - Running <TaskInstance: dados_climaticos.cria_pasta scheduled__2024-08-12T00:00:00+00:00 [running]> on host adrilucy.
[2024-08-25 17:44:10,769] {taskinstance.py:1569} INFO - Exporting the following env vars:
AIRFLOW_CTX_DAG_OWNER=airflow
AIRFLOW_CTX_DAG_ID=dados_climaticos
AIRFLOW_CTX_TASK_ID=cria_pasta
AIRFLOW_CTX_EXECUTION_DATE=2024-08-12T00:00:00+00:00
AIRFLOW_CTX_TRY_NUMBER=1
AIRFLOW_CTX_DAG_RUN_ID=scheduled__2024-08-12T00:00:00+00:00
[2024-08-25 17:44:10,770] {subprocess.py:62} INFO - Tmp dir root location: 
 /tmp
[2024-08-25 17:44:10,770] {subprocess.py:74} INFO - Running command: ['bash', '-c', 'mkdir -p "/home/adrilucy/Documentos/airflow-alura/semana=2024-08-19"']
[2024-08-25 17:44:10,774] {subprocess.py:85} INFO - Output:
[2024-08-25 17:44:10,776] {subprocess.py:96} INFO - Command exited with return code 0
[2024-08-25 17:44:10,793] {taskinstance.py:1395} INFO - Marking task as SUCCESS. dag_id=dados_climaticos, task_id=cria_pasta, execution_date=20240812T000000, start_date=20240825T204410, end_date=20240825T204410
[2024-08-25 17:44:10,827] {local_task_job.py:156} INFO - Task exited with return code 0
[2024-08-25 17:44:10,850] {local_task_job.py:273} INFO - 1 downstream tasks scheduled from follow-on schedule check
