[2024-08-25 17:43:46,550] {taskinstance.py:1159} INFO - Dependencies all met for <TaskInstance: dados_climaticos.cria_pasta scheduled__2024-07-08T00:00:00+00:00 [queued]>
[2024-08-25 17:43:46,554] {taskinstance.py:1159} INFO - Dependencies all met for <TaskInstance: dados_climaticos.cria_pasta scheduled__2024-07-08T00:00:00+00:00 [queued]>
[2024-08-25 17:43:46,554] {taskinstance.py:1356} INFO - 
--------------------------------------------------------------------------------
[2024-08-25 17:43:46,554] {taskinstance.py:1357} INFO - Starting attempt 1 of 1
[2024-08-25 17:43:46,554] {taskinstance.py:1358} INFO - 
--------------------------------------------------------------------------------
[2024-08-25 17:43:46,566] {taskinstance.py:1377} INFO - Executing <Task(BashOperator): cria_pasta> on 2024-07-08 00:00:00+00:00
[2024-08-25 17:43:46,569] {standard_task_runner.py:52} INFO - Started process 162869 to run task
[2024-08-25 17:43:46,571] {standard_task_runner.py:79} INFO - Running: ['airflow', 'tasks', 'run', 'dados_climaticos', 'cria_pasta', 'scheduled__2024-07-08T00:00:00+00:00', '--job-id', '24', '--raw', '--subdir', 'DAGS_FOLDER/dados_climaticos.py', '--cfg-path', '/tmp/tmphrgq1kho', '--error-file', '/tmp/tmp11rqxx67']
[2024-08-25 17:43:46,572] {standard_task_runner.py:80} INFO - Job 24: Subtask cria_pasta
[2024-08-25 17:43:46,602] {task_command.py:370} INFO - Running <TaskInstance: dados_climaticos.cria_pasta scheduled__2024-07-08T00:00:00+00:00 [running]> on host adrilucy.
[2024-08-25 17:43:46,640] {taskinstance.py:1569} INFO - Exporting the following env vars:
AIRFLOW_CTX_DAG_OWNER=airflow
AIRFLOW_CTX_DAG_ID=dados_climaticos
AIRFLOW_CTX_TASK_ID=cria_pasta
AIRFLOW_CTX_EXECUTION_DATE=2024-07-08T00:00:00+00:00
AIRFLOW_CTX_TRY_NUMBER=1
AIRFLOW_CTX_DAG_RUN_ID=scheduled__2024-07-08T00:00:00+00:00
[2024-08-25 17:43:46,641] {subprocess.py:62} INFO - Tmp dir root location: 
 /tmp
[2024-08-25 17:43:46,641] {subprocess.py:74} INFO - Running command: ['bash', '-c', 'mkdir -p "/home/adrilucy/Documentos/airflow-alura/semana=2024-07-15"']
[2024-08-25 17:43:46,645] {subprocess.py:85} INFO - Output:
[2024-08-25 17:43:46,646] {subprocess.py:96} INFO - Command exited with return code 0
[2024-08-25 17:43:46,664] {taskinstance.py:1395} INFO - Marking task as SUCCESS. dag_id=dados_climaticos, task_id=cria_pasta, execution_date=20240708T000000, start_date=20240825T204346, end_date=20240825T204346
[2024-08-25 17:43:46,704] {local_task_job.py:156} INFO - Task exited with return code 0
[2024-08-25 17:43:46,727] {local_task_job.py:273} INFO - 1 downstream tasks scheduled from follow-on schedule check
