[2024-08-25 17:43:45,064] {taskinstance.py:1159} INFO - Dependencies all met for <TaskInstance: dados_climaticos.cria_pasta scheduled__2024-07-01T00:00:00+00:00 [queued]>
[2024-08-25 17:43:45,069] {taskinstance.py:1159} INFO - Dependencies all met for <TaskInstance: dados_climaticos.cria_pasta scheduled__2024-07-01T00:00:00+00:00 [queued]>
[2024-08-25 17:43:45,069] {taskinstance.py:1356} INFO - 
--------------------------------------------------------------------------------
[2024-08-25 17:43:45,070] {taskinstance.py:1357} INFO - Starting attempt 1 of 1
[2024-08-25 17:43:45,070] {taskinstance.py:1358} INFO - 
--------------------------------------------------------------------------------
[2024-08-25 17:43:45,080] {taskinstance.py:1377} INFO - Executing <Task(BashOperator): cria_pasta> on 2024-07-01 00:00:00+00:00
[2024-08-25 17:43:45,082] {standard_task_runner.py:52} INFO - Started process 162846 to run task
[2024-08-25 17:43:45,086] {standard_task_runner.py:79} INFO - Running: ['airflow', 'tasks', 'run', 'dados_climaticos', 'cria_pasta', 'scheduled__2024-07-01T00:00:00+00:00', '--job-id', '23', '--raw', '--subdir', 'DAGS_FOLDER/dados_climaticos.py', '--cfg-path', '/tmp/tmpupn7h9x6', '--error-file', '/tmp/tmpi3y5z45g']
[2024-08-25 17:43:45,086] {standard_task_runner.py:80} INFO - Job 23: Subtask cria_pasta
[2024-08-25 17:43:45,121] {task_command.py:370} INFO - Running <TaskInstance: dados_climaticos.cria_pasta scheduled__2024-07-01T00:00:00+00:00 [running]> on host adrilucy.
[2024-08-25 17:43:45,162] {taskinstance.py:1569} INFO - Exporting the following env vars:
AIRFLOW_CTX_DAG_OWNER=airflow
AIRFLOW_CTX_DAG_ID=dados_climaticos
AIRFLOW_CTX_TASK_ID=cria_pasta
AIRFLOW_CTX_EXECUTION_DATE=2024-07-01T00:00:00+00:00
AIRFLOW_CTX_TRY_NUMBER=1
AIRFLOW_CTX_DAG_RUN_ID=scheduled__2024-07-01T00:00:00+00:00
[2024-08-25 17:43:45,162] {subprocess.py:62} INFO - Tmp dir root location: 
 /tmp
[2024-08-25 17:43:45,163] {subprocess.py:74} INFO - Running command: ['bash', '-c', 'mkdir -p "/home/adrilucy/Documentos/airflow-alura/semana=2024-07-08"']
[2024-08-25 17:43:45,169] {subprocess.py:85} INFO - Output:
[2024-08-25 17:43:45,170] {subprocess.py:96} INFO - Command exited with return code 0
[2024-08-25 17:43:45,188] {taskinstance.py:1395} INFO - Marking task as SUCCESS. dag_id=dados_climaticos, task_id=cria_pasta, execution_date=20240701T000000, start_date=20240825T204345, end_date=20240825T204345
[2024-08-25 17:43:45,220] {local_task_job.py:156} INFO - Task exited with return code 0
[2024-08-25 17:43:45,246] {local_task_job.py:273} INFO - 1 downstream tasks scheduled from follow-on schedule check
