[2024-08-25 17:33:36,813] {taskinstance.py:1159} INFO - Dependencies all met for <TaskInstance: dados_climaticos.cria_pasta scheduled__2022-08-22T00:00:00+00:00 [queued]>
[2024-08-25 17:33:36,818] {taskinstance.py:1159} INFO - Dependencies all met for <TaskInstance: dados_climaticos.cria_pasta scheduled__2022-08-22T00:00:00+00:00 [queued]>
[2024-08-25 17:33:36,818] {taskinstance.py:1356} INFO - 
--------------------------------------------------------------------------------
[2024-08-25 17:33:36,818] {taskinstance.py:1357} INFO - Starting attempt 1 of 1
[2024-08-25 17:33:36,818] {taskinstance.py:1358} INFO - 
--------------------------------------------------------------------------------
[2024-08-25 17:33:36,837] {taskinstance.py:1377} INFO - Executing <Task(BashOperator): cria_pasta> on 2022-08-22 00:00:00+00:00
[2024-08-25 17:33:36,840] {standard_task_runner.py:52} INFO - Started process 157260 to run task
[2024-08-25 17:33:36,843] {standard_task_runner.py:79} INFO - Running: ['airflow', 'tasks', 'run', 'dados_climaticos', 'cria_pasta', 'scheduled__2022-08-22T00:00:00+00:00', '--job-id', '19', '--raw', '--subdir', 'DAGS_FOLDER/dados_climaticos.py', '--cfg-path', '/tmp/tmpt6355p8q', '--error-file', '/tmp/tmpegzfi4tu']
[2024-08-25 17:33:36,843] {standard_task_runner.py:80} INFO - Job 19: Subtask cria_pasta
[2024-08-25 17:33:36,888] {task_command.py:370} INFO - Running <TaskInstance: dados_climaticos.cria_pasta scheduled__2022-08-22T00:00:00+00:00 [running]> on host adrilucy.
[2024-08-25 17:33:36,935] {taskinstance.py:1569} INFO - Exporting the following env vars:
AIRFLOW_CTX_DAG_OWNER=airflow
AIRFLOW_CTX_DAG_ID=dados_climaticos
AIRFLOW_CTX_TASK_ID=cria_pasta
AIRFLOW_CTX_EXECUTION_DATE=2022-08-22T00:00:00+00:00
AIRFLOW_CTX_TRY_NUMBER=1
AIRFLOW_CTX_DAG_RUN_ID=scheduled__2022-08-22T00:00:00+00:00
[2024-08-25 17:33:36,936] {subprocess.py:62} INFO - Tmp dir root location: 
 /tmp
[2024-08-25 17:33:36,936] {subprocess.py:74} INFO - Running command: ['bash', '-c', 'mkdir -p "/home/adrilucy/Documentos/airflow-alura/semana=2022-08-29"']
[2024-08-25 17:33:36,942] {subprocess.py:85} INFO - Output:
[2024-08-25 17:33:36,944] {subprocess.py:96} INFO - Command exited with return code 0
[2024-08-25 17:33:36,970] {taskinstance.py:1395} INFO - Marking task as SUCCESS. dag_id=dados_climaticos, task_id=cria_pasta, execution_date=20220822T000000, start_date=20240825T203336, end_date=20240825T203336
[2024-08-25 17:33:37,016] {local_task_job.py:156} INFO - Task exited with return code 0
[2024-08-25 17:33:37,046] {local_task_job.py:273} INFO - 1 downstream tasks scheduled from follow-on schedule check
[2024-08-25 17:41:23,117] {taskinstance.py:1159} INFO - Dependencies all met for <TaskInstance: dados_climaticos.cria_pasta scheduled__2022-08-22T00:00:00+00:00 [queued]>
[2024-08-25 17:41:23,121] {taskinstance.py:1159} INFO - Dependencies all met for <TaskInstance: dados_climaticos.cria_pasta scheduled__2022-08-22T00:00:00+00:00 [queued]>
[2024-08-25 17:41:23,121] {taskinstance.py:1356} INFO - 
--------------------------------------------------------------------------------
[2024-08-25 17:41:23,121] {taskinstance.py:1357} INFO - Starting attempt 1 of 1
[2024-08-25 17:41:23,121] {taskinstance.py:1358} INFO - 
--------------------------------------------------------------------------------
[2024-08-25 17:41:23,134] {taskinstance.py:1377} INFO - Executing <Task(BashOperator): cria_pasta> on 2022-08-22 00:00:00+00:00
[2024-08-25 17:41:23,136] {standard_task_runner.py:52} INFO - Started process 161343 to run task
[2024-08-25 17:41:23,139] {standard_task_runner.py:79} INFO - Running: ['airflow', 'tasks', 'run', 'dados_climaticos', 'cria_pasta', 'scheduled__2022-08-22T00:00:00+00:00', '--job-id', '21', '--raw', '--subdir', 'DAGS_FOLDER/dados_climaticos.py', '--cfg-path', '/tmp/tmpsk274zzx', '--error-file', '/tmp/tmpxel5y1a3']
[2024-08-25 17:41:23,139] {standard_task_runner.py:80} INFO - Job 21: Subtask cria_pasta
[2024-08-25 17:41:23,171] {task_command.py:370} INFO - Running <TaskInstance: dados_climaticos.cria_pasta scheduled__2022-08-22T00:00:00+00:00 [running]> on host adrilucy.
[2024-08-25 17:41:23,219] {taskinstance.py:1569} INFO - Exporting the following env vars:
AIRFLOW_CTX_DAG_OWNER=airflow
AIRFLOW_CTX_DAG_ID=dados_climaticos
AIRFLOW_CTX_TASK_ID=cria_pasta
AIRFLOW_CTX_EXECUTION_DATE=2022-08-22T00:00:00+00:00
AIRFLOW_CTX_TRY_NUMBER=1
AIRFLOW_CTX_DAG_RUN_ID=scheduled__2022-08-22T00:00:00+00:00
[2024-08-25 17:41:23,219] {subprocess.py:62} INFO - Tmp dir root location: 
 /tmp
[2024-08-25 17:41:23,220] {subprocess.py:74} INFO - Running command: ['bash', '-c', 'mkdir -p "/home/adrilucy/Documentos/airflow-alura/semana=2022-08-29"']
[2024-08-25 17:41:23,224] {subprocess.py:85} INFO - Output:
[2024-08-25 17:41:23,226] {subprocess.py:96} INFO - Command exited with return code 0
[2024-08-25 17:41:23,243] {taskinstance.py:1395} INFO - Marking task as SUCCESS. dag_id=dados_climaticos, task_id=cria_pasta, execution_date=20220822T000000, start_date=20240825T204123, end_date=20240825T204123
[2024-08-25 17:41:23,272] {local_task_job.py:156} INFO - Task exited with return code 0
[2024-08-25 17:41:23,302] {local_task_job.py:273} INFO - 1 downstream tasks scheduled from follow-on schedule check
