[2024-08-25 17:33:38,695] {taskinstance.py:1159} INFO - Dependencies all met for <TaskInstance: dados_climaticos.cria_pasta scheduled__2022-08-29T00:00:00+00:00 [queued]>
[2024-08-25 17:33:38,701] {taskinstance.py:1159} INFO - Dependencies all met for <TaskInstance: dados_climaticos.cria_pasta scheduled__2022-08-29T00:00:00+00:00 [queued]>
[2024-08-25 17:33:38,701] {taskinstance.py:1356} INFO - 
--------------------------------------------------------------------------------
[2024-08-25 17:33:38,701] {taskinstance.py:1357} INFO - Starting attempt 1 of 1
[2024-08-25 17:33:38,701] {taskinstance.py:1358} INFO - 
--------------------------------------------------------------------------------
[2024-08-25 17:33:38,719] {taskinstance.py:1377} INFO - Executing <Task(BashOperator): cria_pasta> on 2022-08-29 00:00:00+00:00
[2024-08-25 17:33:38,722] {standard_task_runner.py:52} INFO - Started process 157284 to run task
[2024-08-25 17:33:38,724] {standard_task_runner.py:79} INFO - Running: ['airflow', 'tasks', 'run', 'dados_climaticos', 'cria_pasta', 'scheduled__2022-08-29T00:00:00+00:00', '--job-id', '20', '--raw', '--subdir', 'DAGS_FOLDER/dados_climaticos.py', '--cfg-path', '/tmp/tmpvnbz54ef', '--error-file', '/tmp/tmpis28bchg']
[2024-08-25 17:33:38,725] {standard_task_runner.py:80} INFO - Job 20: Subtask cria_pasta
[2024-08-25 17:33:38,768] {task_command.py:370} INFO - Running <TaskInstance: dados_climaticos.cria_pasta scheduled__2022-08-29T00:00:00+00:00 [running]> on host adrilucy.
[2024-08-25 17:33:38,821] {taskinstance.py:1569} INFO - Exporting the following env vars:
AIRFLOW_CTX_DAG_OWNER=airflow
AIRFLOW_CTX_DAG_ID=dados_climaticos
AIRFLOW_CTX_TASK_ID=cria_pasta
AIRFLOW_CTX_EXECUTION_DATE=2022-08-29T00:00:00+00:00
AIRFLOW_CTX_TRY_NUMBER=1
AIRFLOW_CTX_DAG_RUN_ID=scheduled__2022-08-29T00:00:00+00:00
[2024-08-25 17:33:38,822] {subprocess.py:62} INFO - Tmp dir root location: 
 /tmp
[2024-08-25 17:33:38,823] {subprocess.py:74} INFO - Running command: ['bash', '-c', 'mkdir -p "/home/adrilucy/Documentos/airflow-alura/semana=2022-09-05"']
[2024-08-25 17:33:38,828] {subprocess.py:85} INFO - Output:
[2024-08-25 17:33:38,830] {subprocess.py:96} INFO - Command exited with return code 0
[2024-08-25 17:33:38,856] {taskinstance.py:1395} INFO - Marking task as SUCCESS. dag_id=dados_climaticos, task_id=cria_pasta, execution_date=20220829T000000, start_date=20240825T203338, end_date=20240825T203338
[2024-08-25 17:33:38,899] {local_task_job.py:156} INFO - Task exited with return code 0
[2024-08-25 17:33:38,934] {local_task_job.py:273} INFO - 1 downstream tasks scheduled from follow-on schedule check
[2024-08-25 17:41:24,743] {taskinstance.py:1159} INFO - Dependencies all met for <TaskInstance: dados_climaticos.cria_pasta scheduled__2022-08-29T00:00:00+00:00 [queued]>
[2024-08-25 17:41:24,749] {taskinstance.py:1159} INFO - Dependencies all met for <TaskInstance: dados_climaticos.cria_pasta scheduled__2022-08-29T00:00:00+00:00 [queued]>
[2024-08-25 17:41:24,749] {taskinstance.py:1356} INFO - 
--------------------------------------------------------------------------------
[2024-08-25 17:41:24,749] {taskinstance.py:1357} INFO - Starting attempt 1 of 1
[2024-08-25 17:41:24,749] {taskinstance.py:1358} INFO - 
--------------------------------------------------------------------------------
[2024-08-25 17:41:24,762] {taskinstance.py:1377} INFO - Executing <Task(BashOperator): cria_pasta> on 2022-08-29 00:00:00+00:00
[2024-08-25 17:41:24,764] {standard_task_runner.py:52} INFO - Started process 161367 to run task
[2024-08-25 17:41:24,766] {standard_task_runner.py:79} INFO - Running: ['airflow', 'tasks', 'run', 'dados_climaticos', 'cria_pasta', 'scheduled__2022-08-29T00:00:00+00:00', '--job-id', '22', '--raw', '--subdir', 'DAGS_FOLDER/dados_climaticos.py', '--cfg-path', '/tmp/tmpf2fl9ygk', '--error-file', '/tmp/tmp0fu8c_n0']
[2024-08-25 17:41:24,766] {standard_task_runner.py:80} INFO - Job 22: Subtask cria_pasta
[2024-08-25 17:41:24,798] {task_command.py:370} INFO - Running <TaskInstance: dados_climaticos.cria_pasta scheduled__2022-08-29T00:00:00+00:00 [running]> on host adrilucy.
[2024-08-25 17:41:24,838] {taskinstance.py:1569} INFO - Exporting the following env vars:
AIRFLOW_CTX_DAG_OWNER=airflow
AIRFLOW_CTX_DAG_ID=dados_climaticos
AIRFLOW_CTX_TASK_ID=cria_pasta
AIRFLOW_CTX_EXECUTION_DATE=2022-08-29T00:00:00+00:00
AIRFLOW_CTX_TRY_NUMBER=1
AIRFLOW_CTX_DAG_RUN_ID=scheduled__2022-08-29T00:00:00+00:00
[2024-08-25 17:41:24,839] {subprocess.py:62} INFO - Tmp dir root location: 
 /tmp
[2024-08-25 17:41:24,840] {subprocess.py:74} INFO - Running command: ['bash', '-c', 'mkdir -p "/home/adrilucy/Documentos/airflow-alura/semana=2022-09-05"']
[2024-08-25 17:41:24,845] {subprocess.py:85} INFO - Output:
[2024-08-25 17:41:24,847] {subprocess.py:96} INFO - Command exited with return code 0
[2024-08-25 17:41:24,863] {taskinstance.py:1395} INFO - Marking task as SUCCESS. dag_id=dados_climaticos, task_id=cria_pasta, execution_date=20220829T000000, start_date=20240825T204124, end_date=20240825T204124
[2024-08-25 17:41:24,900] {local_task_job.py:156} INFO - Task exited with return code 0
[2024-08-25 17:41:24,926] {local_task_job.py:273} INFO - 1 downstream tasks scheduled from follow-on schedule check
