[2024-08-25 17:42:41,390] {taskinstance.py:1159} INFO - Dependencies all met for <TaskInstance: dados_climaticos.extrai_dados scheduled__2022-12-26T00:00:00+00:00 [queued]>
[2024-08-25 17:42:41,396] {taskinstance.py:1159} INFO - Dependencies all met for <TaskInstance: dados_climaticos.extrai_dados scheduled__2022-12-26T00:00:00+00:00 [queued]>
[2024-08-25 17:42:41,396] {taskinstance.py:1356} INFO - 
--------------------------------------------------------------------------------
[2024-08-25 17:42:41,396] {taskinstance.py:1357} INFO - Starting attempt 1 of 1
[2024-08-25 17:42:41,396] {taskinstance.py:1358} INFO - 
--------------------------------------------------------------------------------
[2024-08-25 17:42:41,411] {taskinstance.py:1377} INFO - Executing <Task(PythonOperator): extrai_dados> on 2022-12-26 00:00:00+00:00
[2024-08-25 17:42:41,414] {standard_task_runner.py:52} INFO - Started process 162268 to run task
[2024-08-25 17:42:41,418] {standard_task_runner.py:79} INFO - Running: ['airflow', 'tasks', 'run', 'dados_climaticos', 'extrai_dados', 'scheduled__2022-12-26T00:00:00+00:00', '--job-id', '58', '--raw', '--subdir', 'DAGS_FOLDER/dados_climaticos.py', '--cfg-path', '/tmp/tmpqb8juae4', '--error-file', '/tmp/tmp1pitmjgs']
[2024-08-25 17:42:41,419] {standard_task_runner.py:80} INFO - Job 58: Subtask extrai_dados
[2024-08-25 17:42:41,453] {task_command.py:370} INFO - Running <TaskInstance: dados_climaticos.extrai_dados scheduled__2022-12-26T00:00:00+00:00 [running]> on host adrilucy.
[2024-08-25 17:42:41,499] {taskinstance.py:1569} INFO - Exporting the following env vars:
AIRFLOW_CTX_DAG_OWNER=airflow
AIRFLOW_CTX_DAG_ID=dados_climaticos
AIRFLOW_CTX_TASK_ID=extrai_dados
AIRFLOW_CTX_EXECUTION_DATE=2022-12-26T00:00:00+00:00
AIRFLOW_CTX_TRY_NUMBER=1
AIRFLOW_CTX_DAG_RUN_ID=scheduled__2022-12-26T00:00:00+00:00
[2024-08-25 17:42:42,256] {python.py:173} INFO - Done. Returned value was: None
[2024-08-25 17:42:42,265] {taskinstance.py:1395} INFO - Marking task as SUCCESS. dag_id=dados_climaticos, task_id=extrai_dados, execution_date=20221226T000000, start_date=20240825T204241, end_date=20240825T204242
[2024-08-25 17:42:42,316] {local_task_job.py:156} INFO - Task exited with return code 0
[2024-08-25 17:42:42,336] {local_task_job.py:273} INFO - 0 downstream tasks scheduled from follow-on schedule check
[2024-08-25 17:42:42,341] {dagrun.py:562} INFO - Marking run <DagRun dados_climaticos @ 2022-12-26 00:00:00+00:00: scheduled__2022-12-26T00:00:00+00:00, externally triggered: False> successful
[2024-08-25 17:42:42,342] {dagrun.py:607} INFO - DagRun Finished: dag_id=dados_climaticos, execution_date=2022-12-26 00:00:00+00:00, run_id=scheduled__2022-12-26T00:00:00+00:00, run_start_date=2024-08-25 20:42:36.456468+00:00, run_end_date=2024-08-25 20:42:42.342075+00:00, run_duration=5.885607, state=success, external_trigger=False, run_type=scheduled, data_interval_start=2022-12-26 00:00:00+00:00, data_interval_end=2023-01-02 00:00:00+00:00, dag_hash=75754b9a1cbfd1f35dfac88cb5abcca3
