[2024-08-25 17:33:48,140] {taskinstance.py:1159} INFO - Dependencies all met for <TaskInstance: dados_climaticos.cria_pasta scheduled__2022-09-12T00:00:00+00:00 [queued]>
[2024-08-25 17:33:48,144] {taskinstance.py:1159} INFO - Dependencies all met for <TaskInstance: dados_climaticos.cria_pasta scheduled__2022-09-12T00:00:00+00:00 [queued]>
[2024-08-25 17:33:48,144] {taskinstance.py:1356} INFO - 
--------------------------------------------------------------------------------
[2024-08-25 17:33:48,144] {taskinstance.py:1357} INFO - Starting attempt 1 of 1
[2024-08-25 17:33:48,144] {taskinstance.py:1358} INFO - 
--------------------------------------------------------------------------------
[2024-08-25 17:33:48,163] {taskinstance.py:1377} INFO - Executing <Task(BashOperator): cria_pasta> on 2022-09-12 00:00:00+00:00
[2024-08-25 17:33:48,166] {standard_task_runner.py:52} INFO - Started process 157400 to run task
[2024-08-25 17:33:48,169] {standard_task_runner.py:79} INFO - Running: ['airflow', 'tasks', 'run', 'dados_climaticos', 'cria_pasta', 'scheduled__2022-09-12T00:00:00+00:00', '--job-id', '25', '--raw', '--subdir', 'DAGS_FOLDER/dados_climaticos.py', '--cfg-path', '/tmp/tmpqso7ko9k', '--error-file', '/tmp/tmp37e46igb']
[2024-08-25 17:33:48,170] {standard_task_runner.py:80} INFO - Job 25: Subtask cria_pasta
[2024-08-25 17:33:48,213] {task_command.py:370} INFO - Running <TaskInstance: dados_climaticos.cria_pasta scheduled__2022-09-12T00:00:00+00:00 [running]> on host adrilucy.
[2024-08-25 17:33:48,261] {taskinstance.py:1569} INFO - Exporting the following env vars:
AIRFLOW_CTX_DAG_OWNER=airflow
AIRFLOW_CTX_DAG_ID=dados_climaticos
AIRFLOW_CTX_TASK_ID=cria_pasta
AIRFLOW_CTX_EXECUTION_DATE=2022-09-12T00:00:00+00:00
AIRFLOW_CTX_TRY_NUMBER=1
AIRFLOW_CTX_DAG_RUN_ID=scheduled__2022-09-12T00:00:00+00:00
[2024-08-25 17:33:48,262] {subprocess.py:62} INFO - Tmp dir root location: 
 /tmp
[2024-08-25 17:33:48,263] {subprocess.py:74} INFO - Running command: ['bash', '-c', 'mkdir -p "/home/adrilucy/Documentos/airflow-alura/semana=2022-09-19"']
[2024-08-25 17:33:48,269] {subprocess.py:85} INFO - Output:
[2024-08-25 17:33:48,271] {subprocess.py:96} INFO - Command exited with return code 0
[2024-08-25 17:33:48,294] {taskinstance.py:1395} INFO - Marking task as SUCCESS. dag_id=dados_climaticos, task_id=cria_pasta, execution_date=20220912T000000, start_date=20240825T203348, end_date=20240825T203348
[2024-08-25 17:33:48,343] {local_task_job.py:156} INFO - Task exited with return code 0
[2024-08-25 17:33:48,381] {local_task_job.py:273} INFO - 1 downstream tasks scheduled from follow-on schedule check
[2024-08-25 17:41:32,463] {taskinstance.py:1159} INFO - Dependencies all met for <TaskInstance: dados_climaticos.cria_pasta scheduled__2022-09-12T00:00:00+00:00 [queued]>
[2024-08-25 17:41:32,467] {taskinstance.py:1159} INFO - Dependencies all met for <TaskInstance: dados_climaticos.cria_pasta scheduled__2022-09-12T00:00:00+00:00 [queued]>
[2024-08-25 17:41:32,467] {taskinstance.py:1356} INFO - 
--------------------------------------------------------------------------------
[2024-08-25 17:41:32,467] {taskinstance.py:1357} INFO - Starting attempt 1 of 1
[2024-08-25 17:41:32,467] {taskinstance.py:1358} INFO - 
--------------------------------------------------------------------------------
[2024-08-25 17:41:32,479] {taskinstance.py:1377} INFO - Executing <Task(BashOperator): cria_pasta> on 2022-09-12 00:00:00+00:00
[2024-08-25 17:41:32,481] {standard_task_runner.py:52} INFO - Started process 161457 to run task
[2024-08-25 17:41:32,483] {standard_task_runner.py:79} INFO - Running: ['airflow', 'tasks', 'run', 'dados_climaticos', 'cria_pasta', 'scheduled__2022-09-12T00:00:00+00:00', '--job-id', '26', '--raw', '--subdir', 'DAGS_FOLDER/dados_climaticos.py', '--cfg-path', '/tmp/tmpwtqjqta1', '--error-file', '/tmp/tmpvzh_y3xu']
[2024-08-25 17:41:32,483] {standard_task_runner.py:80} INFO - Job 26: Subtask cria_pasta
[2024-08-25 17:41:32,515] {task_command.py:370} INFO - Running <TaskInstance: dados_climaticos.cria_pasta scheduled__2022-09-12T00:00:00+00:00 [running]> on host adrilucy.
[2024-08-25 17:41:32,561] {taskinstance.py:1569} INFO - Exporting the following env vars:
AIRFLOW_CTX_DAG_OWNER=airflow
AIRFLOW_CTX_DAG_ID=dados_climaticos
AIRFLOW_CTX_TASK_ID=cria_pasta
AIRFLOW_CTX_EXECUTION_DATE=2022-09-12T00:00:00+00:00
AIRFLOW_CTX_TRY_NUMBER=1
AIRFLOW_CTX_DAG_RUN_ID=scheduled__2022-09-12T00:00:00+00:00
[2024-08-25 17:41:32,562] {subprocess.py:62} INFO - Tmp dir root location: 
 /tmp
[2024-08-25 17:41:32,562] {subprocess.py:74} INFO - Running command: ['bash', '-c', 'mkdir -p "/home/adrilucy/Documentos/airflow-alura/semana=2022-09-19"']
[2024-08-25 17:41:32,566] {subprocess.py:85} INFO - Output:
[2024-08-25 17:41:32,568] {subprocess.py:96} INFO - Command exited with return code 0
[2024-08-25 17:41:32,587] {taskinstance.py:1395} INFO - Marking task as SUCCESS. dag_id=dados_climaticos, task_id=cria_pasta, execution_date=20220912T000000, start_date=20240825T204132, end_date=20240825T204132
[2024-08-25 17:41:32,617] {local_task_job.py:156} INFO - Task exited with return code 0
[2024-08-25 17:41:32,639] {local_task_job.py:273} INFO - 1 downstream tasks scheduled from follow-on schedule check
