[2024-08-25 17:34:11,898] {taskinstance.py:1159} INFO - Dependencies all met for <TaskInstance: dados_climaticos.cria_pasta scheduled__2022-10-31T00:00:00+00:00 [queued]>
[2024-08-25 17:34:11,902] {taskinstance.py:1159} INFO - Dependencies all met for <TaskInstance: dados_climaticos.cria_pasta scheduled__2022-10-31T00:00:00+00:00 [queued]>
[2024-08-25 17:34:11,902] {taskinstance.py:1356} INFO - 
--------------------------------------------------------------------------------
[2024-08-25 17:34:11,902] {taskinstance.py:1357} INFO - Starting attempt 1 of 1
[2024-08-25 17:34:11,902] {taskinstance.py:1358} INFO - 
--------------------------------------------------------------------------------
[2024-08-25 17:34:11,936] {taskinstance.py:1377} INFO - Executing <Task(BashOperator): cria_pasta> on 2022-10-31 00:00:00+00:00
[2024-08-25 17:34:11,939] {standard_task_runner.py:52} INFO - Started process 157704 to run task
[2024-08-25 17:34:11,943] {standard_task_runner.py:79} INFO - Running: ['airflow', 'tasks', 'run', 'dados_climaticos', 'cria_pasta', 'scheduled__2022-10-31T00:00:00+00:00', '--job-id', '38', '--raw', '--subdir', 'DAGS_FOLDER/dados_climaticos.py', '--cfg-path', '/tmp/tmp5i0tdz2h', '--error-file', '/tmp/tmpyb7urp0i']
[2024-08-25 17:34:11,944] {standard_task_runner.py:80} INFO - Job 38: Subtask cria_pasta
[2024-08-25 17:34:12,002] {task_command.py:370} INFO - Running <TaskInstance: dados_climaticos.cria_pasta scheduled__2022-10-31T00:00:00+00:00 [running]> on host adrilucy.
[2024-08-25 17:34:12,068] {taskinstance.py:1569} INFO - Exporting the following env vars:
AIRFLOW_CTX_DAG_OWNER=airflow
AIRFLOW_CTX_DAG_ID=dados_climaticos
AIRFLOW_CTX_TASK_ID=cria_pasta
AIRFLOW_CTX_EXECUTION_DATE=2022-10-31T00:00:00+00:00
AIRFLOW_CTX_TRY_NUMBER=1
AIRFLOW_CTX_DAG_RUN_ID=scheduled__2022-10-31T00:00:00+00:00
[2024-08-25 17:34:12,069] {subprocess.py:62} INFO - Tmp dir root location: 
 /tmp
[2024-08-25 17:34:12,070] {subprocess.py:74} INFO - Running command: ['bash', '-c', 'mkdir -p "/home/adrilucy/Documentos/airflow-alura/semana=2022-11-07"']
[2024-08-25 17:34:12,075] {subprocess.py:85} INFO - Output:
[2024-08-25 17:34:12,076] {subprocess.py:96} INFO - Command exited with return code 0
[2024-08-25 17:34:12,110] {taskinstance.py:1395} INFO - Marking task as SUCCESS. dag_id=dados_climaticos, task_id=cria_pasta, execution_date=20221031T000000, start_date=20240825T203411, end_date=20240825T203412
[2024-08-25 17:34:12,158] {local_task_job.py:156} INFO - Task exited with return code 0
[2024-08-25 17:34:12,227] {local_task_job.py:273} INFO - 1 downstream tasks scheduled from follow-on schedule check
[2024-08-25 17:42:05,729] {taskinstance.py:1159} INFO - Dependencies all met for <TaskInstance: dados_climaticos.cria_pasta scheduled__2022-10-31T00:00:00+00:00 [queued]>
[2024-08-25 17:42:05,734] {taskinstance.py:1159} INFO - Dependencies all met for <TaskInstance: dados_climaticos.cria_pasta scheduled__2022-10-31T00:00:00+00:00 [queued]>
[2024-08-25 17:42:05,734] {taskinstance.py:1356} INFO - 
--------------------------------------------------------------------------------
[2024-08-25 17:42:05,734] {taskinstance.py:1357} INFO - Starting attempt 1 of 1
[2024-08-25 17:42:05,734] {taskinstance.py:1358} INFO - 
--------------------------------------------------------------------------------
[2024-08-25 17:42:05,746] {taskinstance.py:1377} INFO - Executing <Task(BashOperator): cria_pasta> on 2022-10-31 00:00:00+00:00
[2024-08-25 17:42:05,748] {standard_task_runner.py:52} INFO - Started process 161849 to run task
[2024-08-25 17:42:05,751] {standard_task_runner.py:79} INFO - Running: ['airflow', 'tasks', 'run', 'dados_climaticos', 'cria_pasta', 'scheduled__2022-10-31T00:00:00+00:00', '--job-id', '41', '--raw', '--subdir', 'DAGS_FOLDER/dados_climaticos.py', '--cfg-path', '/tmp/tmpnuomddux', '--error-file', '/tmp/tmpiq1vlt5t']
[2024-08-25 17:42:05,752] {standard_task_runner.py:80} INFO - Job 41: Subtask cria_pasta
[2024-08-25 17:42:05,790] {task_command.py:370} INFO - Running <TaskInstance: dados_climaticos.cria_pasta scheduled__2022-10-31T00:00:00+00:00 [running]> on host adrilucy.
[2024-08-25 17:42:05,833] {taskinstance.py:1569} INFO - Exporting the following env vars:
AIRFLOW_CTX_DAG_OWNER=airflow
AIRFLOW_CTX_DAG_ID=dados_climaticos
AIRFLOW_CTX_TASK_ID=cria_pasta
AIRFLOW_CTX_EXECUTION_DATE=2022-10-31T00:00:00+00:00
AIRFLOW_CTX_TRY_NUMBER=1
AIRFLOW_CTX_DAG_RUN_ID=scheduled__2022-10-31T00:00:00+00:00
[2024-08-25 17:42:05,834] {subprocess.py:62} INFO - Tmp dir root location: 
 /tmp
[2024-08-25 17:42:05,835] {subprocess.py:74} INFO - Running command: ['bash', '-c', 'mkdir -p "/home/adrilucy/Documentos/airflow-alura/semana=2022-11-07"']
[2024-08-25 17:42:05,841] {subprocess.py:85} INFO - Output:
[2024-08-25 17:42:05,843] {subprocess.py:96} INFO - Command exited with return code 0
[2024-08-25 17:42:05,860] {taskinstance.py:1395} INFO - Marking task as SUCCESS. dag_id=dados_climaticos, task_id=cria_pasta, execution_date=20221031T000000, start_date=20240825T204205, end_date=20240825T204205
[2024-08-25 17:42:05,885] {local_task_job.py:156} INFO - Task exited with return code 0
[2024-08-25 17:42:05,905] {local_task_job.py:273} INFO - 1 downstream tasks scheduled from follow-on schedule check
