[2024-08-25 17:43:59,692] {taskinstance.py:1159} INFO - Dependencies all met for <TaskInstance: dados_climaticos.cria_pasta scheduled__2024-07-29T00:00:00+00:00 [queued]>
[2024-08-25 17:43:59,695] {taskinstance.py:1159} INFO - Dependencies all met for <TaskInstance: dados_climaticos.cria_pasta scheduled__2024-07-29T00:00:00+00:00 [queued]>
[2024-08-25 17:43:59,696] {taskinstance.py:1356} INFO - 
--------------------------------------------------------------------------------
[2024-08-25 17:43:59,696] {taskinstance.py:1357} INFO - Starting attempt 1 of 1
[2024-08-25 17:43:59,696] {taskinstance.py:1358} INFO - 
--------------------------------------------------------------------------------
[2024-08-25 17:43:59,711] {taskinstance.py:1377} INFO - Executing <Task(BashOperator): cria_pasta> on 2024-07-29 00:00:00+00:00
[2024-08-25 17:43:59,713] {standard_task_runner.py:52} INFO - Started process 163022 to run task
[2024-08-25 17:43:59,717] {standard_task_runner.py:79} INFO - Running: ['airflow', 'tasks', 'run', 'dados_climaticos', 'cria_pasta', 'scheduled__2024-07-29T00:00:00+00:00', '--job-id', '30', '--raw', '--subdir', 'DAGS_FOLDER/dados_climaticos.py', '--cfg-path', '/tmp/tmpcn9qfj90', '--error-file', '/tmp/tmpqjw8380s']
[2024-08-25 17:43:59,718] {standard_task_runner.py:80} INFO - Job 30: Subtask cria_pasta
[2024-08-25 17:43:59,752] {task_command.py:370} INFO - Running <TaskInstance: dados_climaticos.cria_pasta scheduled__2024-07-29T00:00:00+00:00 [running]> on host adrilucy.
[2024-08-25 17:43:59,793] {taskinstance.py:1569} INFO - Exporting the following env vars:
AIRFLOW_CTX_DAG_OWNER=airflow
AIRFLOW_CTX_DAG_ID=dados_climaticos
AIRFLOW_CTX_TASK_ID=cria_pasta
AIRFLOW_CTX_EXECUTION_DATE=2024-07-29T00:00:00+00:00
AIRFLOW_CTX_TRY_NUMBER=1
AIRFLOW_CTX_DAG_RUN_ID=scheduled__2024-07-29T00:00:00+00:00
[2024-08-25 17:43:59,794] {subprocess.py:62} INFO - Tmp dir root location: 
 /tmp
[2024-08-25 17:43:59,794] {subprocess.py:74} INFO - Running command: ['bash', '-c', 'mkdir -p "/home/adrilucy/Documentos/airflow-alura/semana=2024-08-05"']
[2024-08-25 17:43:59,800] {subprocess.py:85} INFO - Output:
[2024-08-25 17:43:59,802] {subprocess.py:96} INFO - Command exited with return code 0
[2024-08-25 17:43:59,820] {taskinstance.py:1395} INFO - Marking task as SUCCESS. dag_id=dados_climaticos, task_id=cria_pasta, execution_date=20240729T000000, start_date=20240825T204359, end_date=20240825T204359
[2024-08-25 17:43:59,851] {local_task_job.py:156} INFO - Task exited with return code 0
[2024-08-25 17:43:59,880] {local_task_job.py:273} INFO - 1 downstream tasks scheduled from follow-on schedule check
