[2024-08-25 17:33:57,864] {taskinstance.py:1159} INFO - Dependencies all met for <TaskInstance: dados_climaticos.cria_pasta scheduled__2022-10-03T00:00:00+00:00 [queued]>
[2024-08-25 17:33:57,868] {taskinstance.py:1159} INFO - Dependencies all met for <TaskInstance: dados_climaticos.cria_pasta scheduled__2022-10-03T00:00:00+00:00 [queued]>
[2024-08-25 17:33:57,868] {taskinstance.py:1356} INFO - 
--------------------------------------------------------------------------------
[2024-08-25 17:33:57,868] {taskinstance.py:1357} INFO - Starting attempt 1 of 1
[2024-08-25 17:33:57,868] {taskinstance.py:1358} INFO - 
--------------------------------------------------------------------------------
[2024-08-25 17:33:57,893] {taskinstance.py:1377} INFO - Executing <Task(BashOperator): cria_pasta> on 2022-10-03 00:00:00+00:00
[2024-08-25 17:33:57,896] {standard_task_runner.py:52} INFO - Started process 157530 to run task
[2024-08-25 17:33:57,901] {standard_task_runner.py:79} INFO - Running: ['airflow', 'tasks', 'run', 'dados_climaticos', 'cria_pasta', 'scheduled__2022-10-03T00:00:00+00:00', '--job-id', '31', '--raw', '--subdir', 'DAGS_FOLDER/dados_climaticos.py', '--cfg-path', '/tmp/tmpn_5grm_6', '--error-file', '/tmp/tmppk9pko3e']
[2024-08-25 17:33:57,902] {standard_task_runner.py:80} INFO - Job 31: Subtask cria_pasta
[2024-08-25 17:33:57,945] {task_command.py:370} INFO - Running <TaskInstance: dados_climaticos.cria_pasta scheduled__2022-10-03T00:00:00+00:00 [running]> on host adrilucy.
[2024-08-25 17:33:58,010] {taskinstance.py:1569} INFO - Exporting the following env vars:
AIRFLOW_CTX_DAG_OWNER=airflow
AIRFLOW_CTX_DAG_ID=dados_climaticos
AIRFLOW_CTX_TASK_ID=cria_pasta
AIRFLOW_CTX_EXECUTION_DATE=2022-10-03T00:00:00+00:00
AIRFLOW_CTX_TRY_NUMBER=1
AIRFLOW_CTX_DAG_RUN_ID=scheduled__2022-10-03T00:00:00+00:00
[2024-08-25 17:33:58,010] {subprocess.py:62} INFO - Tmp dir root location: 
 /tmp
[2024-08-25 17:33:58,011] {subprocess.py:74} INFO - Running command: ['bash', '-c', 'mkdir -p "/home/adrilucy/Documentos/airflow-alura/semana=2022-10-10"']
[2024-08-25 17:33:58,019] {subprocess.py:85} INFO - Output:
[2024-08-25 17:33:58,020] {subprocess.py:96} INFO - Command exited with return code 0
[2024-08-25 17:33:58,044] {taskinstance.py:1395} INFO - Marking task as SUCCESS. dag_id=dados_climaticos, task_id=cria_pasta, execution_date=20221003T000000, start_date=20240825T203357, end_date=20240825T203358
[2024-08-25 17:33:58,115] {local_task_job.py:156} INFO - Task exited with return code 0
[2024-08-25 17:33:58,163] {local_task_job.py:273} INFO - 1 downstream tasks scheduled from follow-on schedule check
[2024-08-25 17:41:45,263] {taskinstance.py:1159} INFO - Dependencies all met for <TaskInstance: dados_climaticos.cria_pasta scheduled__2022-10-03T00:00:00+00:00 [queued]>
[2024-08-25 17:41:45,267] {taskinstance.py:1159} INFO - Dependencies all met for <TaskInstance: dados_climaticos.cria_pasta scheduled__2022-10-03T00:00:00+00:00 [queued]>
[2024-08-25 17:41:45,267] {taskinstance.py:1356} INFO - 
--------------------------------------------------------------------------------
[2024-08-25 17:41:45,267] {taskinstance.py:1357} INFO - Starting attempt 1 of 1
[2024-08-25 17:41:45,267] {taskinstance.py:1358} INFO - 
--------------------------------------------------------------------------------
[2024-08-25 17:41:45,281] {taskinstance.py:1377} INFO - Executing <Task(BashOperator): cria_pasta> on 2022-10-03 00:00:00+00:00
[2024-08-25 17:41:45,283] {standard_task_runner.py:52} INFO - Started process 161613 to run task
[2024-08-25 17:41:45,285] {standard_task_runner.py:79} INFO - Running: ['airflow', 'tasks', 'run', 'dados_climaticos', 'cria_pasta', 'scheduled__2022-10-03T00:00:00+00:00', '--job-id', '32', '--raw', '--subdir', 'DAGS_FOLDER/dados_climaticos.py', '--cfg-path', '/tmp/tmpbalw6m8a', '--error-file', '/tmp/tmpw3d1a7pw']
[2024-08-25 17:41:45,286] {standard_task_runner.py:80} INFO - Job 32: Subtask cria_pasta
[2024-08-25 17:41:45,319] {task_command.py:370} INFO - Running <TaskInstance: dados_climaticos.cria_pasta scheduled__2022-10-03T00:00:00+00:00 [running]> on host adrilucy.
[2024-08-25 17:41:45,362] {taskinstance.py:1569} INFO - Exporting the following env vars:
AIRFLOW_CTX_DAG_OWNER=airflow
AIRFLOW_CTX_DAG_ID=dados_climaticos
AIRFLOW_CTX_TASK_ID=cria_pasta
AIRFLOW_CTX_EXECUTION_DATE=2022-10-03T00:00:00+00:00
AIRFLOW_CTX_TRY_NUMBER=1
AIRFLOW_CTX_DAG_RUN_ID=scheduled__2022-10-03T00:00:00+00:00
[2024-08-25 17:41:45,363] {subprocess.py:62} INFO - Tmp dir root location: 
 /tmp
[2024-08-25 17:41:45,363] {subprocess.py:74} INFO - Running command: ['bash', '-c', 'mkdir -p "/home/adrilucy/Documentos/airflow-alura/semana=2022-10-10"']
[2024-08-25 17:41:45,367] {subprocess.py:85} INFO - Output:
[2024-08-25 17:41:45,369] {subprocess.py:96} INFO - Command exited with return code 0
[2024-08-25 17:41:45,388] {taskinstance.py:1395} INFO - Marking task as SUCCESS. dag_id=dados_climaticos, task_id=cria_pasta, execution_date=20221003T000000, start_date=20240825T204145, end_date=20240825T204145
[2024-08-25 17:41:45,419] {local_task_job.py:156} INFO - Task exited with return code 0
[2024-08-25 17:41:45,444] {local_task_job.py:273} INFO - 1 downstream tasks scheduled from follow-on schedule check
