[2024-08-25 17:43:58,061] {taskinstance.py:1159} INFO - Dependencies all met for <TaskInstance: dados_climaticos.cria_pasta scheduled__2024-07-22T00:00:00+00:00 [queued]>
[2024-08-25 17:43:58,068] {taskinstance.py:1159} INFO - Dependencies all met for <TaskInstance: dados_climaticos.cria_pasta scheduled__2024-07-22T00:00:00+00:00 [queued]>
[2024-08-25 17:43:58,068] {taskinstance.py:1356} INFO - 
--------------------------------------------------------------------------------
[2024-08-25 17:43:58,068] {taskinstance.py:1357} INFO - Starting attempt 1 of 1
[2024-08-25 17:43:58,068] {taskinstance.py:1358} INFO - 
--------------------------------------------------------------------------------
[2024-08-25 17:43:58,080] {taskinstance.py:1377} INFO - Executing <Task(BashOperator): cria_pasta> on 2024-07-22 00:00:00+00:00
[2024-08-25 17:43:58,084] {standard_task_runner.py:52} INFO - Started process 162999 to run task
[2024-08-25 17:43:58,086] {standard_task_runner.py:79} INFO - Running: ['airflow', 'tasks', 'run', 'dados_climaticos', 'cria_pasta', 'scheduled__2024-07-22T00:00:00+00:00', '--job-id', '29', '--raw', '--subdir', 'DAGS_FOLDER/dados_climaticos.py', '--cfg-path', '/tmp/tmpsza0vyd5', '--error-file', '/tmp/tmpgmkkuces']
[2024-08-25 17:43:58,086] {standard_task_runner.py:80} INFO - Job 29: Subtask cria_pasta
[2024-08-25 17:43:58,125] {task_command.py:370} INFO - Running <TaskInstance: dados_climaticos.cria_pasta scheduled__2024-07-22T00:00:00+00:00 [running]> on host adrilucy.
[2024-08-25 17:43:58,168] {taskinstance.py:1569} INFO - Exporting the following env vars:
AIRFLOW_CTX_DAG_OWNER=airflow
AIRFLOW_CTX_DAG_ID=dados_climaticos
AIRFLOW_CTX_TASK_ID=cria_pasta
AIRFLOW_CTX_EXECUTION_DATE=2024-07-22T00:00:00+00:00
AIRFLOW_CTX_TRY_NUMBER=1
AIRFLOW_CTX_DAG_RUN_ID=scheduled__2024-07-22T00:00:00+00:00
[2024-08-25 17:43:58,169] {subprocess.py:62} INFO - Tmp dir root location: 
 /tmp
[2024-08-25 17:43:58,170] {subprocess.py:74} INFO - Running command: ['bash', '-c', 'mkdir -p "/home/adrilucy/Documentos/airflow-alura/semana=2024-07-29"']
[2024-08-25 17:43:58,174] {subprocess.py:85} INFO - Output:
[2024-08-25 17:43:58,175] {subprocess.py:96} INFO - Command exited with return code 0
[2024-08-25 17:43:58,194] {taskinstance.py:1395} INFO - Marking task as SUCCESS. dag_id=dados_climaticos, task_id=cria_pasta, execution_date=20240722T000000, start_date=20240825T204358, end_date=20240825T204358
[2024-08-25 17:43:58,219] {local_task_job.py:156} INFO - Task exited with return code 0
[2024-08-25 17:43:58,243] {local_task_job.py:273} INFO - 1 downstream tasks scheduled from follow-on schedule check
