[2024-08-25 17:34:09,951] {taskinstance.py:1159} INFO - Dependencies all met for <TaskInstance: dados_climaticos.cria_pasta scheduled__2022-10-24T00:00:00+00:00 [queued]>
[2024-08-25 17:34:09,975] {taskinstance.py:1159} INFO - Dependencies all met for <TaskInstance: dados_climaticos.cria_pasta scheduled__2022-10-24T00:00:00+00:00 [queued]>
[2024-08-25 17:34:09,975] {taskinstance.py:1356} INFO - 
--------------------------------------------------------------------------------
[2024-08-25 17:34:09,975] {taskinstance.py:1357} INFO - Starting attempt 1 of 1
[2024-08-25 17:34:09,975] {taskinstance.py:1358} INFO - 
--------------------------------------------------------------------------------
[2024-08-25 17:34:10,001] {taskinstance.py:1377} INFO - Executing <Task(BashOperator): cria_pasta> on 2022-10-24 00:00:00+00:00
[2024-08-25 17:34:10,004] {standard_task_runner.py:52} INFO - Started process 157679 to run task
[2024-08-25 17:34:10,007] {standard_task_runner.py:79} INFO - Running: ['airflow', 'tasks', 'run', 'dados_climaticos', 'cria_pasta', 'scheduled__2022-10-24T00:00:00+00:00', '--job-id', '37', '--raw', '--subdir', 'DAGS_FOLDER/dados_climaticos.py', '--cfg-path', '/tmp/tmpct03jd8g', '--error-file', '/tmp/tmpza08wwq9']
[2024-08-25 17:34:10,007] {standard_task_runner.py:80} INFO - Job 37: Subtask cria_pasta
[2024-08-25 17:34:10,055] {task_command.py:370} INFO - Running <TaskInstance: dados_climaticos.cria_pasta scheduled__2022-10-24T00:00:00+00:00 [running]> on host adrilucy.
[2024-08-25 17:34:10,130] {taskinstance.py:1569} INFO - Exporting the following env vars:
AIRFLOW_CTX_DAG_OWNER=airflow
AIRFLOW_CTX_DAG_ID=dados_climaticos
AIRFLOW_CTX_TASK_ID=cria_pasta
AIRFLOW_CTX_EXECUTION_DATE=2022-10-24T00:00:00+00:00
AIRFLOW_CTX_TRY_NUMBER=1
AIRFLOW_CTX_DAG_RUN_ID=scheduled__2022-10-24T00:00:00+00:00
[2024-08-25 17:34:10,131] {subprocess.py:62} INFO - Tmp dir root location: 
 /tmp
[2024-08-25 17:34:10,131] {subprocess.py:74} INFO - Running command: ['bash', '-c', 'mkdir -p "/home/adrilucy/Documentos/airflow-alura/semana=2022-10-31"']
[2024-08-25 17:34:10,137] {subprocess.py:85} INFO - Output:
[2024-08-25 17:34:10,139] {subprocess.py:96} INFO - Command exited with return code 0
[2024-08-25 17:34:10,171] {taskinstance.py:1395} INFO - Marking task as SUCCESS. dag_id=dados_climaticos, task_id=cria_pasta, execution_date=20221024T000000, start_date=20240825T203409, end_date=20240825T203410
[2024-08-25 17:34:10,221] {local_task_job.py:156} INFO - Task exited with return code 0
[2024-08-25 17:34:10,257] {local_task_job.py:273} INFO - 1 downstream tasks scheduled from follow-on schedule check
[2024-08-25 17:41:58,198] {taskinstance.py:1159} INFO - Dependencies all met for <TaskInstance: dados_climaticos.cria_pasta scheduled__2022-10-24T00:00:00+00:00 [queued]>
[2024-08-25 17:41:58,201] {taskinstance.py:1159} INFO - Dependencies all met for <TaskInstance: dados_climaticos.cria_pasta scheduled__2022-10-24T00:00:00+00:00 [queued]>
[2024-08-25 17:41:58,202] {taskinstance.py:1356} INFO - 
--------------------------------------------------------------------------------
[2024-08-25 17:41:58,202] {taskinstance.py:1357} INFO - Starting attempt 1 of 1
[2024-08-25 17:41:58,202] {taskinstance.py:1358} INFO - 
--------------------------------------------------------------------------------
[2024-08-25 17:41:58,215] {taskinstance.py:1377} INFO - Executing <Task(BashOperator): cria_pasta> on 2022-10-24 00:00:00+00:00
[2024-08-25 17:41:58,217] {standard_task_runner.py:52} INFO - Started process 161763 to run task
[2024-08-25 17:41:58,219] {standard_task_runner.py:79} INFO - Running: ['airflow', 'tasks', 'run', 'dados_climaticos', 'cria_pasta', 'scheduled__2022-10-24T00:00:00+00:00', '--job-id', '38', '--raw', '--subdir', 'DAGS_FOLDER/dados_climaticos.py', '--cfg-path', '/tmp/tmpeexwq2iz', '--error-file', '/tmp/tmpm7v40o1n']
[2024-08-25 17:41:58,219] {standard_task_runner.py:80} INFO - Job 38: Subtask cria_pasta
[2024-08-25 17:41:58,259] {task_command.py:370} INFO - Running <TaskInstance: dados_climaticos.cria_pasta scheduled__2022-10-24T00:00:00+00:00 [running]> on host adrilucy.
[2024-08-25 17:41:58,312] {taskinstance.py:1569} INFO - Exporting the following env vars:
AIRFLOW_CTX_DAG_OWNER=airflow
AIRFLOW_CTX_DAG_ID=dados_climaticos
AIRFLOW_CTX_TASK_ID=cria_pasta
AIRFLOW_CTX_EXECUTION_DATE=2022-10-24T00:00:00+00:00
AIRFLOW_CTX_TRY_NUMBER=1
AIRFLOW_CTX_DAG_RUN_ID=scheduled__2022-10-24T00:00:00+00:00
[2024-08-25 17:41:58,313] {subprocess.py:62} INFO - Tmp dir root location: 
 /tmp
[2024-08-25 17:41:58,313] {subprocess.py:74} INFO - Running command: ['bash', '-c', 'mkdir -p "/home/adrilucy/Documentos/airflow-alura/semana=2022-10-31"']
[2024-08-25 17:41:58,318] {subprocess.py:85} INFO - Output:
[2024-08-25 17:41:58,320] {subprocess.py:96} INFO - Command exited with return code 0
[2024-08-25 17:41:58,341] {taskinstance.py:1395} INFO - Marking task as SUCCESS. dag_id=dados_climaticos, task_id=cria_pasta, execution_date=20221024T000000, start_date=20240825T204158, end_date=20240825T204158
[2024-08-25 17:41:58,392] {local_task_job.py:156} INFO - Task exited with return code 0
[2024-08-25 17:41:58,414] {local_task_job.py:273} INFO - 1 downstream tasks scheduled from follow-on schedule check
