[2024-08-25 17:42:23,790] {taskinstance.py:1159} INFO - Dependencies all met for <TaskInstance: dados_climaticos.cria_pasta scheduled__2022-12-05T00:00:00+00:00 [queued]>
[2024-08-25 17:42:23,793] {taskinstance.py:1159} INFO - Dependencies all met for <TaskInstance: dados_climaticos.cria_pasta scheduled__2022-12-05T00:00:00+00:00 [queued]>
[2024-08-25 17:42:23,794] {taskinstance.py:1356} INFO - 
--------------------------------------------------------------------------------
[2024-08-25 17:42:23,794] {taskinstance.py:1357} INFO - Starting attempt 1 of 1
[2024-08-25 17:42:23,794] {taskinstance.py:1358} INFO - 
--------------------------------------------------------------------------------
[2024-08-25 17:42:23,806] {taskinstance.py:1377} INFO - Executing <Task(BashOperator): cria_pasta> on 2022-12-05 00:00:00+00:00
[2024-08-25 17:42:23,809] {standard_task_runner.py:52} INFO - Started process 162061 to run task
[2024-08-25 17:42:23,811] {standard_task_runner.py:79} INFO - Running: ['airflow', 'tasks', 'run', 'dados_climaticos', 'cria_pasta', 'scheduled__2022-12-05T00:00:00+00:00', '--job-id', '50', '--raw', '--subdir', 'DAGS_FOLDER/dados_climaticos.py', '--cfg-path', '/tmp/tmpt1h6svlx', '--error-file', '/tmp/tmpi0t3t202']
[2024-08-25 17:42:23,812] {standard_task_runner.py:80} INFO - Job 50: Subtask cria_pasta
[2024-08-25 17:42:23,843] {task_command.py:370} INFO - Running <TaskInstance: dados_climaticos.cria_pasta scheduled__2022-12-05T00:00:00+00:00 [running]> on host adrilucy.
[2024-08-25 17:42:23,880] {taskinstance.py:1569} INFO - Exporting the following env vars:
AIRFLOW_CTX_DAG_OWNER=airflow
AIRFLOW_CTX_DAG_ID=dados_climaticos
AIRFLOW_CTX_TASK_ID=cria_pasta
AIRFLOW_CTX_EXECUTION_DATE=2022-12-05T00:00:00+00:00
AIRFLOW_CTX_TRY_NUMBER=1
AIRFLOW_CTX_DAG_RUN_ID=scheduled__2022-12-05T00:00:00+00:00
[2024-08-25 17:42:23,881] {subprocess.py:62} INFO - Tmp dir root location: 
 /tmp
[2024-08-25 17:42:23,881] {subprocess.py:74} INFO - Running command: ['bash', '-c', 'mkdir -p "/home/adrilucy/Documentos/airflow-alura/semana=2022-12-12"']
[2024-08-25 17:42:23,886] {subprocess.py:85} INFO - Output:
[2024-08-25 17:42:23,888] {subprocess.py:96} INFO - Command exited with return code 0
[2024-08-25 17:42:23,905] {taskinstance.py:1395} INFO - Marking task as SUCCESS. dag_id=dados_climaticos, task_id=cria_pasta, execution_date=20221205T000000, start_date=20240825T204223, end_date=20240825T204223
[2024-08-25 17:42:23,945] {local_task_job.py:156} INFO - Task exited with return code 0
[2024-08-25 17:42:23,974] {local_task_job.py:273} INFO - 1 downstream tasks scheduled from follow-on schedule check
