[2024-08-25 14:20:11,907] {taskinstance.py:1159} INFO - Dependencies all met for <TaskInstance: meu_primeiro_dag.cria_pasta scheduled__2024-08-24T00:00:00+00:00 [queued]>
[2024-08-25 14:20:11,911] {taskinstance.py:1159} INFO - Dependencies all met for <TaskInstance: meu_primeiro_dag.cria_pasta scheduled__2024-08-24T00:00:00+00:00 [queued]>
[2024-08-25 14:20:11,912] {taskinstance.py:1356} INFO - 
--------------------------------------------------------------------------------
[2024-08-25 14:20:11,912] {taskinstance.py:1357} INFO - Starting attempt 1 of 1
[2024-08-25 14:20:11,912] {taskinstance.py:1358} INFO - 
--------------------------------------------------------------------------------
[2024-08-25 14:20:11,925] {taskinstance.py:1377} INFO - Executing <Task(BashOperator): cria_pasta> on 2024-08-24 00:00:00+00:00
[2024-08-25 14:20:11,926] {standard_task_runner.py:52} INFO - Started process 66322 to run task
[2024-08-25 14:20:11,928] {standard_task_runner.py:79} INFO - Running: ['airflow', 'tasks', 'run', 'meu_primeiro_dag', 'cria_pasta', 'scheduled__2024-08-24T00:00:00+00:00', '--job-id', '7', '--raw', '--subdir', 'DAGS_FOLDER/meu_primeiro_dag.py', '--cfg-path', '/tmp/tmp2y108av7', '--error-file', '/tmp/tmpmgrzk02g']
[2024-08-25 14:20:11,928] {standard_task_runner.py:80} INFO - Job 7: Subtask cria_pasta
[2024-08-25 14:20:11,964] {task_command.py:370} INFO - Running <TaskInstance: meu_primeiro_dag.cria_pasta scheduled__2024-08-24T00:00:00+00:00 [running]> on host adrilucy.
[2024-08-25 14:20:12,004] {taskinstance.py:1569} INFO - Exporting the following env vars:
AIRFLOW_CTX_DAG_OWNER=airflow
AIRFLOW_CTX_DAG_ID=meu_primeiro_dag
AIRFLOW_CTX_TASK_ID=cria_pasta
AIRFLOW_CTX_EXECUTION_DATE=2024-08-24T00:00:00+00:00
AIRFLOW_CTX_TRY_NUMBER=1
AIRFLOW_CTX_DAG_RUN_ID=scheduled__2024-08-24T00:00:00+00:00
[2024-08-25 14:20:12,005] {subprocess.py:62} INFO - Tmp dir root location: 
 /tmp
[2024-08-25 14:20:12,006] {subprocess.py:74} INFO - Running command: ['bash', '-c', 'mkdir -p "/home/adrilucy/Documentos/airflow-alura/pasta"']
[2024-08-25 14:20:12,010] {subprocess.py:85} INFO - Output:
[2024-08-25 14:20:12,012] {subprocess.py:96} INFO - Command exited with return code 0
[2024-08-25 14:20:12,029] {taskinstance.py:1395} INFO - Marking task as SUCCESS. dag_id=meu_primeiro_dag, task_id=cria_pasta, execution_date=20240824T000000, start_date=20240825T172011, end_date=20240825T172012
[2024-08-25 14:20:12,061] {local_task_job.py:156} INFO - Task exited with return code 0
[2024-08-25 14:20:12,077] {local_task_job.py:273} INFO - 0 downstream tasks scheduled from follow-on schedule check
[2024-08-25 16:59:37,638] {taskinstance.py:1159} INFO - Dependencies all met for <TaskInstance: meu_primeiro_dag.cria_pasta scheduled__2024-08-24T00:00:00+00:00 [queued]>
[2024-08-25 16:59:37,644] {taskinstance.py:1159} INFO - Dependencies all met for <TaskInstance: meu_primeiro_dag.cria_pasta scheduled__2024-08-24T00:00:00+00:00 [queued]>
[2024-08-25 16:59:37,645] {taskinstance.py:1356} INFO - 
--------------------------------------------------------------------------------
[2024-08-25 16:59:37,645] {taskinstance.py:1357} INFO - Starting attempt 1 of 1
[2024-08-25 16:59:37,645] {taskinstance.py:1358} INFO - 
--------------------------------------------------------------------------------
[2024-08-25 16:59:37,658] {taskinstance.py:1377} INFO - Executing <Task(BashOperator): cria_pasta> on 2024-08-24 00:00:00+00:00
[2024-08-25 16:59:37,659] {standard_task_runner.py:52} INFO - Started process 141220 to run task
[2024-08-25 16:59:37,661] {standard_task_runner.py:79} INFO - Running: ['airflow', 'tasks', 'run', 'meu_primeiro_dag', 'cria_pasta', 'scheduled__2024-08-24T00:00:00+00:00', '--job-id', '14', '--raw', '--subdir', 'DAGS_FOLDER/meu_primeiro_dag.py', '--cfg-path', '/tmp/tmp0me2mjnf', '--error-file', '/tmp/tmpuashkjtg']
[2024-08-25 16:59:37,662] {standard_task_runner.py:80} INFO - Job 14: Subtask cria_pasta
[2024-08-25 16:59:37,693] {task_command.py:370} INFO - Running <TaskInstance: meu_primeiro_dag.cria_pasta scheduled__2024-08-24T00:00:00+00:00 [running]> on host adrilucy.
[2024-08-25 16:59:37,733] {taskinstance.py:1569} INFO - Exporting the following env vars:
AIRFLOW_CTX_DAG_OWNER=airflow
AIRFLOW_CTX_DAG_ID=meu_primeiro_dag
AIRFLOW_CTX_TASK_ID=cria_pasta
AIRFLOW_CTX_EXECUTION_DATE=2024-08-24T00:00:00+00:00
AIRFLOW_CTX_TRY_NUMBER=1
AIRFLOW_CTX_DAG_RUN_ID=scheduled__2024-08-24T00:00:00+00:00
[2024-08-25 16:59:37,733] {subprocess.py:62} INFO - Tmp dir root location: 
 /tmp
[2024-08-25 16:59:37,734] {subprocess.py:74} INFO - Running command: ['bash', '-c', 'mkdir -p "/home/adrilucy/Documentos/airflow-alura/pasta=2024-08-25T00:00:00+00:00"']
[2024-08-25 16:59:37,739] {subprocess.py:85} INFO - Output:
[2024-08-25 16:59:37,741] {subprocess.py:96} INFO - Command exited with return code 0
[2024-08-25 16:59:37,758] {taskinstance.py:1395} INFO - Marking task as SUCCESS. dag_id=meu_primeiro_dag, task_id=cria_pasta, execution_date=20240824T000000, start_date=20240825T195937, end_date=20240825T195937
[2024-08-25 16:59:37,794] {local_task_job.py:156} INFO - Task exited with return code 0
[2024-08-25 16:59:37,810] {local_task_job.py:273} INFO - 0 downstream tasks scheduled from follow-on schedule check
