[2024-08-25 17:33:52,828] {taskinstance.py:1159} INFO - Dependencies all met for <TaskInstance: dados_climaticos.cria_pasta scheduled__2022-09-26T00:00:00+00:00 [queued]>
[2024-08-25 17:33:52,834] {taskinstance.py:1159} INFO - Dependencies all met for <TaskInstance: dados_climaticos.cria_pasta scheduled__2022-09-26T00:00:00+00:00 [queued]>
[2024-08-25 17:33:52,834] {taskinstance.py:1356} INFO - 
--------------------------------------------------------------------------------
[2024-08-25 17:33:52,834] {taskinstance.py:1357} INFO - Starting attempt 1 of 1
[2024-08-25 17:33:52,834] {taskinstance.py:1358} INFO - 
--------------------------------------------------------------------------------
[2024-08-25 17:33:52,853] {taskinstance.py:1377} INFO - Executing <Task(BashOperator): cria_pasta> on 2022-09-26 00:00:00+00:00
[2024-08-25 17:33:52,856] {standard_task_runner.py:52} INFO - Started process 157461 to run task
[2024-08-25 17:33:52,858] {standard_task_runner.py:79} INFO - Running: ['airflow', 'tasks', 'run', 'dados_climaticos', 'cria_pasta', 'scheduled__2022-09-26T00:00:00+00:00', '--job-id', '28', '--raw', '--subdir', 'DAGS_FOLDER/dados_climaticos.py', '--cfg-path', '/tmp/tmpmxxhoy9v', '--error-file', '/tmp/tmppw0eoxzn']
[2024-08-25 17:33:52,858] {standard_task_runner.py:80} INFO - Job 28: Subtask cria_pasta
[2024-08-25 17:33:52,899] {task_command.py:370} INFO - Running <TaskInstance: dados_climaticos.cria_pasta scheduled__2022-09-26T00:00:00+00:00 [running]> on host adrilucy.
[2024-08-25 17:33:52,953] {taskinstance.py:1569} INFO - Exporting the following env vars:
AIRFLOW_CTX_DAG_OWNER=airflow
AIRFLOW_CTX_DAG_ID=dados_climaticos
AIRFLOW_CTX_TASK_ID=cria_pasta
AIRFLOW_CTX_EXECUTION_DATE=2022-09-26T00:00:00+00:00
AIRFLOW_CTX_TRY_NUMBER=1
AIRFLOW_CTX_DAG_RUN_ID=scheduled__2022-09-26T00:00:00+00:00
[2024-08-25 17:33:52,954] {subprocess.py:62} INFO - Tmp dir root location: 
 /tmp
[2024-08-25 17:33:52,955] {subprocess.py:74} INFO - Running command: ['bash', '-c', 'mkdir -p "/home/adrilucy/Documentos/airflow-alura/semana=2022-10-03"']
[2024-08-25 17:33:52,960] {subprocess.py:85} INFO - Output:
[2024-08-25 17:33:52,962] {subprocess.py:96} INFO - Command exited with return code 0
[2024-08-25 17:33:52,986] {taskinstance.py:1395} INFO - Marking task as SUCCESS. dag_id=dados_climaticos, task_id=cria_pasta, execution_date=20220926T000000, start_date=20240825T203352, end_date=20240825T203352
[2024-08-25 17:33:53,032] {local_task_job.py:156} INFO - Task exited with return code 0
[2024-08-25 17:33:53,074] {local_task_job.py:273} INFO - 1 downstream tasks scheduled from follow-on schedule check
[2024-08-25 17:41:41,517] {taskinstance.py:1159} INFO - Dependencies all met for <TaskInstance: dados_climaticos.cria_pasta scheduled__2022-09-26T00:00:00+00:00 [queued]>
[2024-08-25 17:41:41,521] {taskinstance.py:1159} INFO - Dependencies all met for <TaskInstance: dados_climaticos.cria_pasta scheduled__2022-09-26T00:00:00+00:00 [queued]>
[2024-08-25 17:41:41,521] {taskinstance.py:1356} INFO - 
--------------------------------------------------------------------------------
[2024-08-25 17:41:41,521] {taskinstance.py:1357} INFO - Starting attempt 1 of 1
[2024-08-25 17:41:41,521] {taskinstance.py:1358} INFO - 
--------------------------------------------------------------------------------
[2024-08-25 17:41:41,536] {taskinstance.py:1377} INFO - Executing <Task(BashOperator): cria_pasta> on 2022-09-26 00:00:00+00:00
[2024-08-25 17:41:41,538] {standard_task_runner.py:52} INFO - Started process 161566 to run task
[2024-08-25 17:41:41,542] {standard_task_runner.py:79} INFO - Running: ['airflow', 'tasks', 'run', 'dados_climaticos', 'cria_pasta', 'scheduled__2022-09-26T00:00:00+00:00', '--job-id', '30', '--raw', '--subdir', 'DAGS_FOLDER/dados_climaticos.py', '--cfg-path', '/tmp/tmpqzr00qv0', '--error-file', '/tmp/tmp69vlek_i']
[2024-08-25 17:41:41,542] {standard_task_runner.py:80} INFO - Job 30: Subtask cria_pasta
[2024-08-25 17:41:41,580] {task_command.py:370} INFO - Running <TaskInstance: dados_climaticos.cria_pasta scheduled__2022-09-26T00:00:00+00:00 [running]> on host adrilucy.
[2024-08-25 17:41:41,620] {taskinstance.py:1569} INFO - Exporting the following env vars:
AIRFLOW_CTX_DAG_OWNER=airflow
AIRFLOW_CTX_DAG_ID=dados_climaticos
AIRFLOW_CTX_TASK_ID=cria_pasta
AIRFLOW_CTX_EXECUTION_DATE=2022-09-26T00:00:00+00:00
AIRFLOW_CTX_TRY_NUMBER=1
AIRFLOW_CTX_DAG_RUN_ID=scheduled__2022-09-26T00:00:00+00:00
[2024-08-25 17:41:41,621] {subprocess.py:62} INFO - Tmp dir root location: 
 /tmp
[2024-08-25 17:41:41,622] {subprocess.py:74} INFO - Running command: ['bash', '-c', 'mkdir -p "/home/adrilucy/Documentos/airflow-alura/semana=2022-10-03"']
[2024-08-25 17:41:41,627] {subprocess.py:85} INFO - Output:
[2024-08-25 17:41:41,629] {subprocess.py:96} INFO - Command exited with return code 0
[2024-08-25 17:41:41,647] {taskinstance.py:1395} INFO - Marking task as SUCCESS. dag_id=dados_climaticos, task_id=cria_pasta, execution_date=20220926T000000, start_date=20240825T204141, end_date=20240825T204141
[2024-08-25 17:41:41,675] {local_task_job.py:156} INFO - Task exited with return code 0
[2024-08-25 17:41:41,696] {local_task_job.py:273} INFO - 1 downstream tasks scheduled from follow-on schedule check
