[2024-08-25 17:34:15,336] {taskinstance.py:1159} INFO - Dependencies all met for <TaskInstance: dados_climaticos.cria_pasta scheduled__2022-11-07T00:00:00+00:00 [queued]>
[2024-08-25 17:34:15,339] {taskinstance.py:1159} INFO - Dependencies all met for <TaskInstance: dados_climaticos.cria_pasta scheduled__2022-11-07T00:00:00+00:00 [queued]>
[2024-08-25 17:34:15,340] {taskinstance.py:1356} INFO - 
--------------------------------------------------------------------------------
[2024-08-25 17:34:15,340] {taskinstance.py:1357} INFO - Starting attempt 1 of 1
[2024-08-25 17:34:15,340] {taskinstance.py:1358} INFO - 
--------------------------------------------------------------------------------
[2024-08-25 17:34:15,364] {taskinstance.py:1377} INFO - Executing <Task(BashOperator): cria_pasta> on 2022-11-07 00:00:00+00:00
[2024-08-25 17:34:15,367] {standard_task_runner.py:52} INFO - Started process 157743 to run task
[2024-08-25 17:34:15,369] {standard_task_runner.py:79} INFO - Running: ['airflow', 'tasks', 'run', 'dados_climaticos', 'cria_pasta', 'scheduled__2022-11-07T00:00:00+00:00', '--job-id', '40', '--raw', '--subdir', 'DAGS_FOLDER/dados_climaticos.py', '--cfg-path', '/tmp/tmptmmulx8f', '--error-file', '/tmp/tmp7mraoolh']
[2024-08-25 17:34:15,370] {standard_task_runner.py:80} INFO - Job 40: Subtask cria_pasta
[2024-08-25 17:34:15,419] {task_command.py:370} INFO - Running <TaskInstance: dados_climaticos.cria_pasta scheduled__2022-11-07T00:00:00+00:00 [running]> on host adrilucy.
[2024-08-25 17:34:15,485] {taskinstance.py:1569} INFO - Exporting the following env vars:
AIRFLOW_CTX_DAG_OWNER=airflow
AIRFLOW_CTX_DAG_ID=dados_climaticos
AIRFLOW_CTX_TASK_ID=cria_pasta
AIRFLOW_CTX_EXECUTION_DATE=2022-11-07T00:00:00+00:00
AIRFLOW_CTX_TRY_NUMBER=1
AIRFLOW_CTX_DAG_RUN_ID=scheduled__2022-11-07T00:00:00+00:00
[2024-08-25 17:34:15,486] {subprocess.py:62} INFO - Tmp dir root location: 
 /tmp
[2024-08-25 17:34:15,487] {subprocess.py:74} INFO - Running command: ['bash', '-c', 'mkdir -p "/home/adrilucy/Documentos/airflow-alura/semana=2022-11-14"']
[2024-08-25 17:34:15,492] {subprocess.py:85} INFO - Output:
[2024-08-25 17:34:15,493] {subprocess.py:96} INFO - Command exited with return code 0
[2024-08-25 17:34:15,526] {taskinstance.py:1395} INFO - Marking task as SUCCESS. dag_id=dados_climaticos, task_id=cria_pasta, execution_date=20221107T000000, start_date=20240825T203415, end_date=20240825T203415
[2024-08-25 17:34:15,584] {local_task_job.py:156} INFO - Task exited with return code 0
[2024-08-25 17:34:15,619] {local_task_job.py:273} INFO - 1 downstream tasks scheduled from follow-on schedule check
[2024-08-25 17:42:07,453] {taskinstance.py:1159} INFO - Dependencies all met for <TaskInstance: dados_climaticos.cria_pasta scheduled__2022-11-07T00:00:00+00:00 [queued]>
[2024-08-25 17:42:07,461] {taskinstance.py:1159} INFO - Dependencies all met for <TaskInstance: dados_climaticos.cria_pasta scheduled__2022-11-07T00:00:00+00:00 [queued]>
[2024-08-25 17:42:07,461] {taskinstance.py:1356} INFO - 
--------------------------------------------------------------------------------
[2024-08-25 17:42:07,461] {taskinstance.py:1357} INFO - Starting attempt 1 of 1
[2024-08-25 17:42:07,461] {taskinstance.py:1358} INFO - 
--------------------------------------------------------------------------------
[2024-08-25 17:42:07,473] {taskinstance.py:1377} INFO - Executing <Task(BashOperator): cria_pasta> on 2022-11-07 00:00:00+00:00
[2024-08-25 17:42:07,475] {standard_task_runner.py:52} INFO - Started process 161867 to run task
[2024-08-25 17:42:07,477] {standard_task_runner.py:79} INFO - Running: ['airflow', 'tasks', 'run', 'dados_climaticos', 'cria_pasta', 'scheduled__2022-11-07T00:00:00+00:00', '--job-id', '42', '--raw', '--subdir', 'DAGS_FOLDER/dados_climaticos.py', '--cfg-path', '/tmp/tmpmjya4_2m', '--error-file', '/tmp/tmph5evlhd5']
[2024-08-25 17:42:07,478] {standard_task_runner.py:80} INFO - Job 42: Subtask cria_pasta
[2024-08-25 17:42:07,508] {task_command.py:370} INFO - Running <TaskInstance: dados_climaticos.cria_pasta scheduled__2022-11-07T00:00:00+00:00 [running]> on host adrilucy.
[2024-08-25 17:42:07,545] {taskinstance.py:1569} INFO - Exporting the following env vars:
AIRFLOW_CTX_DAG_OWNER=airflow
AIRFLOW_CTX_DAG_ID=dados_climaticos
AIRFLOW_CTX_TASK_ID=cria_pasta
AIRFLOW_CTX_EXECUTION_DATE=2022-11-07T00:00:00+00:00
AIRFLOW_CTX_TRY_NUMBER=1
AIRFLOW_CTX_DAG_RUN_ID=scheduled__2022-11-07T00:00:00+00:00
[2024-08-25 17:42:07,546] {subprocess.py:62} INFO - Tmp dir root location: 
 /tmp
[2024-08-25 17:42:07,546] {subprocess.py:74} INFO - Running command: ['bash', '-c', 'mkdir -p "/home/adrilucy/Documentos/airflow-alura/semana=2022-11-14"']
[2024-08-25 17:42:07,550] {subprocess.py:85} INFO - Output:
[2024-08-25 17:42:07,551] {subprocess.py:96} INFO - Command exited with return code 0
[2024-08-25 17:42:07,568] {taskinstance.py:1395} INFO - Marking task as SUCCESS. dag_id=dados_climaticos, task_id=cria_pasta, execution_date=20221107T000000, start_date=20240825T204207, end_date=20240825T204207
[2024-08-25 17:42:07,611] {local_task_job.py:156} INFO - Task exited with return code 0
[2024-08-25 17:42:07,631] {local_task_job.py:273} INFO - 1 downstream tasks scheduled from follow-on schedule check
