[2024-08-25 17:33:59,689] {taskinstance.py:1159} INFO - Dependencies all met for <TaskInstance: dados_climaticos.cria_pasta scheduled__2022-10-10T00:00:00+00:00 [queued]>
[2024-08-25 17:33:59,692] {taskinstance.py:1159} INFO - Dependencies all met for <TaskInstance: dados_climaticos.cria_pasta scheduled__2022-10-10T00:00:00+00:00 [queued]>
[2024-08-25 17:33:59,692] {taskinstance.py:1356} INFO - 
--------------------------------------------------------------------------------
[2024-08-25 17:33:59,692] {taskinstance.py:1357} INFO - Starting attempt 1 of 1
[2024-08-25 17:33:59,692] {taskinstance.py:1358} INFO - 
--------------------------------------------------------------------------------
[2024-08-25 17:33:59,717] {taskinstance.py:1377} INFO - Executing <Task(BashOperator): cria_pasta> on 2022-10-10 00:00:00+00:00
[2024-08-25 17:33:59,720] {standard_task_runner.py:52} INFO - Started process 157554 to run task
[2024-08-25 17:33:59,722] {standard_task_runner.py:79} INFO - Running: ['airflow', 'tasks', 'run', 'dados_climaticos', 'cria_pasta', 'scheduled__2022-10-10T00:00:00+00:00', '--job-id', '32', '--raw', '--subdir', 'DAGS_FOLDER/dados_climaticos.py', '--cfg-path', '/tmp/tmpsgnokoym', '--error-file', '/tmp/tmpur4i_zuc']
[2024-08-25 17:33:59,723] {standard_task_runner.py:80} INFO - Job 32: Subtask cria_pasta
[2024-08-25 17:33:59,775] {task_command.py:370} INFO - Running <TaskInstance: dados_climaticos.cria_pasta scheduled__2022-10-10T00:00:00+00:00 [running]> on host adrilucy.
[2024-08-25 17:33:59,860] {taskinstance.py:1569} INFO - Exporting the following env vars:
AIRFLOW_CTX_DAG_OWNER=airflow
AIRFLOW_CTX_DAG_ID=dados_climaticos
AIRFLOW_CTX_TASK_ID=cria_pasta
AIRFLOW_CTX_EXECUTION_DATE=2022-10-10T00:00:00+00:00
AIRFLOW_CTX_TRY_NUMBER=1
AIRFLOW_CTX_DAG_RUN_ID=scheduled__2022-10-10T00:00:00+00:00
[2024-08-25 17:33:59,861] {subprocess.py:62} INFO - Tmp dir root location: 
 /tmp
[2024-08-25 17:33:59,862] {subprocess.py:74} INFO - Running command: ['bash', '-c', 'mkdir -p "/home/adrilucy/Documentos/airflow-alura/semana=2022-10-17"']
[2024-08-25 17:33:59,867] {subprocess.py:85} INFO - Output:
[2024-08-25 17:33:59,869] {subprocess.py:96} INFO - Command exited with return code 0
[2024-08-25 17:33:59,900] {taskinstance.py:1395} INFO - Marking task as SUCCESS. dag_id=dados_climaticos, task_id=cria_pasta, execution_date=20221010T000000, start_date=20240825T203359, end_date=20240825T203359
[2024-08-25 17:33:59,936] {local_task_job.py:156} INFO - Task exited with return code 0
[2024-08-25 17:33:59,967] {local_task_job.py:273} INFO - 1 downstream tasks scheduled from follow-on schedule check
[2024-08-25 17:41:52,633] {taskinstance.py:1159} INFO - Dependencies all met for <TaskInstance: dados_climaticos.cria_pasta scheduled__2022-10-10T00:00:00+00:00 [queued]>
[2024-08-25 17:41:52,638] {taskinstance.py:1159} INFO - Dependencies all met for <TaskInstance: dados_climaticos.cria_pasta scheduled__2022-10-10T00:00:00+00:00 [queued]>
[2024-08-25 17:41:52,638] {taskinstance.py:1356} INFO - 
--------------------------------------------------------------------------------
[2024-08-25 17:41:52,638] {taskinstance.py:1357} INFO - Starting attempt 1 of 1
[2024-08-25 17:41:52,638] {taskinstance.py:1358} INFO - 
--------------------------------------------------------------------------------
[2024-08-25 17:41:52,652] {taskinstance.py:1377} INFO - Executing <Task(BashOperator): cria_pasta> on 2022-10-10 00:00:00+00:00
[2024-08-25 17:41:52,655] {standard_task_runner.py:52} INFO - Started process 161692 to run task
[2024-08-25 17:41:52,659] {standard_task_runner.py:79} INFO - Running: ['airflow', 'tasks', 'run', 'dados_climaticos', 'cria_pasta', 'scheduled__2022-10-10T00:00:00+00:00', '--job-id', '35', '--raw', '--subdir', 'DAGS_FOLDER/dados_climaticos.py', '--cfg-path', '/tmp/tmp0bdgnwlp', '--error-file', '/tmp/tmpaenj4bpa']
[2024-08-25 17:41:52,660] {standard_task_runner.py:80} INFO - Job 35: Subtask cria_pasta
[2024-08-25 17:41:52,696] {task_command.py:370} INFO - Running <TaskInstance: dados_climaticos.cria_pasta scheduled__2022-10-10T00:00:00+00:00 [running]> on host adrilucy.
[2024-08-25 17:41:52,741] {taskinstance.py:1569} INFO - Exporting the following env vars:
AIRFLOW_CTX_DAG_OWNER=airflow
AIRFLOW_CTX_DAG_ID=dados_climaticos
AIRFLOW_CTX_TASK_ID=cria_pasta
AIRFLOW_CTX_EXECUTION_DATE=2022-10-10T00:00:00+00:00
AIRFLOW_CTX_TRY_NUMBER=1
AIRFLOW_CTX_DAG_RUN_ID=scheduled__2022-10-10T00:00:00+00:00
[2024-08-25 17:41:52,742] {subprocess.py:62} INFO - Tmp dir root location: 
 /tmp
[2024-08-25 17:41:52,742] {subprocess.py:74} INFO - Running command: ['bash', '-c', 'mkdir -p "/home/adrilucy/Documentos/airflow-alura/semana=2022-10-17"']
[2024-08-25 17:41:52,746] {subprocess.py:85} INFO - Output:
[2024-08-25 17:41:52,747] {subprocess.py:96} INFO - Command exited with return code 0
[2024-08-25 17:41:52,765] {taskinstance.py:1395} INFO - Marking task as SUCCESS. dag_id=dados_climaticos, task_id=cria_pasta, execution_date=20221010T000000, start_date=20240825T204152, end_date=20240825T204152
[2024-08-25 17:41:52,793] {local_task_job.py:156} INFO - Task exited with return code 0
[2024-08-25 17:41:52,816] {local_task_job.py:273} INFO - 1 downstream tasks scheduled from follow-on schedule check
