[2024-08-25 17:44:04,961] {taskinstance.py:1159} INFO - Dependencies all met for <TaskInstance: dados_climaticos.extrai_dados scheduled__2024-07-29T00:00:00+00:00 [queued]>
[2024-08-25 17:44:04,966] {taskinstance.py:1159} INFO - Dependencies all met for <TaskInstance: dados_climaticos.extrai_dados scheduled__2024-07-29T00:00:00+00:00 [queued]>
[2024-08-25 17:44:04,966] {taskinstance.py:1356} INFO - 
--------------------------------------------------------------------------------
[2024-08-25 17:44:04,966] {taskinstance.py:1357} INFO - Starting attempt 1 of 1
[2024-08-25 17:44:04,966] {taskinstance.py:1358} INFO - 
--------------------------------------------------------------------------------
[2024-08-25 17:44:04,977] {taskinstance.py:1377} INFO - Executing <Task(PythonOperator): extrai_dados> on 2024-07-29 00:00:00+00:00
[2024-08-25 17:44:04,979] {standard_task_runner.py:52} INFO - Started process 163085 to run task
[2024-08-25 17:44:04,982] {standard_task_runner.py:79} INFO - Running: ['airflow', 'tasks', 'run', 'dados_climaticos', 'extrai_dados', 'scheduled__2024-07-29T00:00:00+00:00', '--job-id', '33', '--raw', '--subdir', 'DAGS_FOLDER/dados_climaticos.py', '--cfg-path', '/tmp/tmp_3m9r9fk', '--error-file', '/tmp/tmpe0qfh3o7']
[2024-08-25 17:44:04,983] {standard_task_runner.py:80} INFO - Job 33: Subtask extrai_dados
[2024-08-25 17:44:05,015] {task_command.py:370} INFO - Running <TaskInstance: dados_climaticos.extrai_dados scheduled__2024-07-29T00:00:00+00:00 [running]> on host adrilucy.
[2024-08-25 17:44:05,056] {taskinstance.py:1569} INFO - Exporting the following env vars:
AIRFLOW_CTX_DAG_OWNER=airflow
AIRFLOW_CTX_DAG_ID=dados_climaticos
AIRFLOW_CTX_TASK_ID=extrai_dados
AIRFLOW_CTX_EXECUTION_DATE=2024-07-29T00:00:00+00:00
AIRFLOW_CTX_TRY_NUMBER=1
AIRFLOW_CTX_DAG_RUN_ID=scheduled__2024-07-29T00:00:00+00:00
[2024-08-25 17:44:05,715] {python.py:173} INFO - Done. Returned value was: None
[2024-08-25 17:44:05,720] {taskinstance.py:1395} INFO - Marking task as SUCCESS. dag_id=dados_climaticos, task_id=extrai_dados, execution_date=20240729T000000, start_date=20240825T204404, end_date=20240825T204405
[2024-08-25 17:44:05,760] {local_task_job.py:156} INFO - Task exited with return code 0
[2024-08-25 17:44:05,781] {local_task_job.py:273} INFO - 0 downstream tasks scheduled from follow-on schedule check
